TN:
SF:/Users/andrewahn/Desktop/MyEtherWallet/src/main.js
FNF:0
FNH:0
DA:2,0
DA:3,0
DA:5,0
LF:3
LH:0
BRDA:2,0,0,0
BRDA:2,0,1,0
BRF:2
BRH:0
end_of_record
TN:
SF:/Users/andrewahn/Desktop/MyEtherWallet/src/apollo/configs/configErrorMsgs.js
FNF:0
FNH:0
DA:4,0
LF:1
LH:0
BRF:0
BRH:0
end_of_record
TN:
SF:/Users/andrewahn/Desktop/MyEtherWallet/src/apollo/global/globalTypes.js
FNF:0
FNH:0
DA:1,0
LF:1
LH:0
BRF:0
BRH:0
end_of_record
TN:
SF:/Users/andrewahn/Desktop/MyEtherWallet/src/components/MnemonicPhraseTable.vue
FN:16,(anonymous_1)
FN:20,(anonymous_2)
FNF:2
FNH:0
FNDA:0,(anonymous_1)
FNDA:0,(anonymous_2)
DA:16,0
DA:20,0
LF:2
LH:0
BRF:0
BRH:0
end_of_record
TN:
SF:/Users/andrewahn/Desktop/MyEtherWallet/src/components/PhraseBlock.vue
FN:10,(anonymous_1)
FNF:1
FNH:0
FNDA:0,(anonymous_1)
DA:10,0
LF:1
LH:0
BRF:0
BRH:0
end_of_record
TN:
SF:/Users/andrewahn/Desktop/MyEtherWallet/src/components/mew-tools/MewTools.vue
FN:95,(anonymous_1)
FNF:1
FNH:0
FNDA:0,(anonymous_1)
DA:96,0
LF:1
LH:0
BRF:0
BRH:0
end_of_record
TN:
SF:/Users/andrewahn/Desktop/MyEtherWallet/src/components/mobile-table/MobileTable.vue
FN:83,(anonymous_1)
FN:86,(anonymous_2)
FNF:2
FNH:0
FNDA:0,(anonymous_1)
FNDA:0,(anonymous_2)
DA:83,0
DA:87,0
LF:2
LH:0
BRF:0
BRH:0
end_of_record
TN:
SF:/Users/andrewahn/Desktop/MyEtherWallet/src/components/page-indicator-dot/PageIndicatorDot.vue
FN:19,(anonymous_1)
FNF:1
FNH:0
FNDA:0,(anonymous_1)
DA:19,0
LF:1
LH:0
BRF:0
BRH:0
end_of_record
TN:
SF:/Users/andrewahn/Desktop/MyEtherWallet/src/components/theme-switch/ThemeSwitch.vue
FN:16,(anonymous_1)
FN:22,(anonymous_2)
FNF:2
FNH:0
FNDA:0,(anonymous_1)
FNDA:0,(anonymous_2)
DA:17,0
DA:23,0
LF:2
LH:0
BRF:0
BRH:0
end_of_record
TN:
SF:/Users/andrewahn/Desktop/MyEtherWallet/src/core/components/AppAddrQr.vue
FN:74,(anonymous_1)
FN:79,(anonymous_2)
FN:83,(anonymous_3)
FN:86,(anonymous_4)
FNF:4
FNH:0
FNDA:0,(anonymous_1)
FNDA:0,(anonymous_2)
FNDA:0,(anonymous_3)
FNDA:0,(anonymous_4)
DA:65,0
DA:66,0
DA:67,0
DA:68,0
DA:69,0
DA:75,0
DA:80,0
DA:81,0
DA:84,0
DA:87,0
DA:88,0
DA:89,0
LF:12
LH:0
BRDA:84,0,0,0
BRDA:84,0,1,0
BRF:2
BRH:0
end_of_record
TN:
SF:/Users/andrewahn/Desktop/MyEtherWallet/src/core/components/AppBlockHeader.vue
FN:78,(anonymous_1)
FN:107,(anonymous_2)
FN:109,(anonymous_3)
FNF:3
FNH:0
FNDA:0,(anonymous_1)
FNDA:0,(anonymous_2)
FNDA:0,(anonymous_3)
DA:79,0
DA:107,0
DA:110,0
LF:3
LH:0
BRF:0
BRH:0
end_of_record
TN:
SF:/Users/andrewahn/Desktop/MyEtherWallet/src/core/components/AppBlockTitle.vue
FN:51,(anonymous_1)
FN:57,(anonymous_2)
FNF:2
FNH:0
FNDA:0,(anonymous_1)
FNDA:0,(anonymous_2)
DA:52,0
DA:57,0
LF:2
LH:0
BRF:0
BRH:0
end_of_record
TN:
SF:/Users/andrewahn/Desktop/MyEtherWallet/src/core/components/AppBtnRow.vue
FN:55,(anonymous_1)
FN:69,(anonymous_2)
FNF:2
FNH:0
FNDA:0,(anonymous_1)
FNDA:0,(anonymous_2)
DA:56,0
DA:70,0
LF:2
LH:0
BRF:0
BRH:0
end_of_record
TN:
SF:/Users/andrewahn/Desktop/MyEtherWallet/src/core/components/AppButtonBalance.vue
FN:58,(anonymous_1)
FN:62,(anonymous_2)
FN:66,(anonymous_3)
FN:70,(anonymous_4)
FN:73,(anonymous_5)
FNF:5
FNH:0
FNDA:0,(anonymous_1)
FNDA:0,(anonymous_2)
FNDA:0,(anonymous_3)
FNDA:0,(anonymous_4)
FNDA:0,(anonymous_5)
DA:32,0
DA:59,0
DA:63,0
DA:67,0
DA:71,0
DA:73,0
DA:74,0
LF:7
LH:0
BRDA:74,0,0,0
BRDA:74,0,1,0
BRF:2
BRH:0
end_of_record
TN:
SF:/Users/andrewahn/Desktop/MyEtherWallet/src/core/components/AppCarousel.vue
FN:73,(anonymous_1)
FN:77,(anonymous_2)
FNF:2
FNH:0
FNDA:0,(anonymous_1)
FNDA:0,(anonymous_2)
DA:69,0
DA:70,0
DA:73,0
DA:78,0
DA:79,0
DA:80,0
DA:81,0
DA:83,0
LF:8
LH:0
BRDA:78,0,0,0
BRDA:78,0,1,0
BRDA:80,1,0,0
BRDA:80,1,1,0
BRF:4
BRH:0
end_of_record
TN:
SF:/Users/andrewahn/Desktop/MyEtherWallet/src/core/components/AppErrorMsg.vue
FN:69,(anonymous_1)
FN:77,(anonymous_2)
FN:81,(anonymous_3)
FN:85,(anonymous_4)
FNF:4
FNH:0
FNDA:0,(anonymous_1)
FNDA:0,(anonymous_2)
FNDA:0,(anonymous_3)
FNDA:0,(anonymous_4)
DA:86,0
LF:1
LH:0
BRF:0
BRH:0
end_of_record
TN:
SF:/Users/andrewahn/Desktop/MyEtherWallet/src/core/components/AppExpandingBlock.vue
FN:85,(anonymous_1)
FN:92,(anonymous_2)
FN:102,(anonymous_3)
FN:114,(anonymous_4)
FN:117,delay
FN:118,(anonymous_6)
FN:120,(anonymous_7)
FN:126,(anonymous_8)
FN:131,(anonymous_9)
FN:141,(anonymous_10)
FNF:10
FNH:0
FNDA:0,(anonymous_1)
FNDA:0,(anonymous_2)
FNDA:0,(anonymous_3)
FNDA:0,(anonymous_4)
FNDA:0,delay
FNDA:0,(anonymous_6)
FNDA:0,(anonymous_7)
FNDA:0,(anonymous_8)
FNDA:0,(anonymous_9)
FNDA:0,(anonymous_10)
DA:86,0
DA:94,0
DA:95,0
DA:98,0
DA:99,0
DA:104,0
DA:105,0
DA:108,0
DA:109,0
DA:118,0
DA:120,0
DA:121,0
DA:127,0
DA:132,0
DA:135,0
DA:138,0
DA:142,0
DA:144,0
DA:147,0
LF:19
LH:0
BRDA:94,0,0,0
BRDA:94,0,1,0
BRDA:94,1,0,0
BRDA:94,1,1,0
BRDA:98,2,0,0
BRDA:98,2,1,0
BRDA:98,3,0,0
BRDA:98,3,1,0
BRDA:104,4,0,0
BRDA:104,4,1,0
BRDA:104,5,0,0
BRDA:104,5,1,0
BRDA:108,6,0,0
BRDA:108,6,1,0
BRDA:108,7,0,0
BRDA:108,7,1,0
BRDA:121,8,0,0
BRDA:121,8,1,0
BRDA:127,9,0,0
BRDA:127,9,1,0
BRF:20
BRH:0
end_of_record
TN:
SF:/Users/andrewahn/Desktop/MyEtherWallet/src/core/components/AppGetStarted.vue
FN:144,(anonymous_1)
FN:150,(anonymous_2)
FNF:2
FNH:0
FNDA:0,(anonymous_1)
FNDA:0,(anonymous_2)
DA:139,0
DA:140,0
DA:145,0
DA:151,0
LF:4
LH:0
BRDA:151,0,0,0
BRDA:151,0,1,0
BRF:2
BRH:0
end_of_record
TN:
SF:/Users/andrewahn/Desktop/MyEtherWallet/src/core/components/AppModal.vue
FN:194,(anonymous_1)
FN:206,(anonymous_2)
FN:257,(anonymous_3)
FNF:3
FNH:0
FNDA:0,(anonymous_1)
FNDA:0,(anonymous_2)
FNDA:0,(anonymous_3)
DA:259,0
LF:1
LH:0
BRF:0
BRH:0
end_of_record
TN:
SF:/Users/andrewahn/Desktop/MyEtherWallet/src/core/components/AppNetworkSettingsModal.vue
FN:43,(anonymous_1)
FN:66,(anonymous_2)
FN:77,(anonymous_3)
FN:86,(anonymous_4)
FN:96,(anonymous_5)
FN:103,(anonymous_6)
FN:106,(anonymous_7)
FNF:7
FNH:0
FNDA:0,(anonymous_1)
FNDA:0,(anonymous_2)
FNDA:0,(anonymous_3)
FNDA:0,(anonymous_4)
FNDA:0,(anonymous_5)
FNDA:0,(anonymous_6)
FNDA:0,(anonymous_7)
DA:25,0
DA:26,0
DA:27,0
DA:28,0
DA:29,0
DA:67,0
DA:78,0
DA:79,0
DA:87,0
DA:88,0
DA:97,0
DA:98,0
DA:99,0
DA:104,0
DA:107,0
LF:15
LH:0
BRDA:78,0,0,0
BRDA:78,0,1,0
BRDA:87,1,0,0
BRDA:87,1,1,0
BRF:4
BRH:0
end_of_record
TN:
SF:/Users/andrewahn/Desktop/MyEtherWallet/src/core/components/AppPartnersBlock.vue
FN:29,(anonymous_1)
FNF:1
FNH:0
FNDA:0,(anonymous_1)
DA:29,0
LF:1
LH:0
BRF:0
BRH:0
end_of_record
TN:
SF:/Users/andrewahn/Desktop/MyEtherWallet/src/core/components/AppQrCode.vue
FN:68,(anonymous_1)
FN:74,(anonymous_2)
FN:106,(anonymous_3)
FN:110,(anonymous_4)
FNF:4
FNH:0
FNDA:0,(anonymous_1)
FNDA:0,(anonymous_2)
FNDA:0,(anonymous_3)
FNDA:0,(anonymous_4)
DA:6,0
DA:7,0
DA:69,0
DA:75,0
DA:107,0
DA:111,0
DA:112,0
LF:7
LH:0
BRF:0
BRH:0
end_of_record
TN:
SF:/Users/andrewahn/Desktop/MyEtherWallet/src/core/components/AppScrollBlock.vue
FN:10,(anonymous_1)
FNF:1
FNH:0
FNDA:0,(anonymous_1)
DA:10,0
LF:1
LH:0
BRF:0
BRH:0
end_of_record
TN:
SF:/Users/andrewahn/Desktop/MyEtherWallet/src/core/components/AppSimpleDialog.vue
FN:64,(anonymous_1)
FN:69,(anonymous_2)
FN:80,(anonymous_3)
FN:90,(anonymous_4)
FN:96,(anonymous_5)
FN:104,(anonymous_6)
FNF:6
FNH:0
FNDA:0,(anonymous_1)
FNDA:0,(anonymous_2)
FNDA:0,(anonymous_3)
FNDA:0,(anonymous_4)
FNDA:0,(anonymous_5)
FNDA:0,(anonymous_6)
DA:65,0
DA:71,0
DA:72,0
DA:75,0
DA:76,0
DA:82,0
DA:83,0
DA:86,0
DA:87,0
DA:91,0
DA:92,0
DA:98,0
DA:101,0
DA:106,0
DA:109,0
DA:112,0
LF:16
LH:0
BRDA:71,0,0,0
BRDA:71,0,1,0
BRDA:71,1,0,0
BRDA:71,1,1,0
BRDA:75,2,0,0
BRDA:75,2,1,0
BRDA:75,3,0,0
BRDA:75,3,1,0
BRDA:82,4,0,0
BRDA:82,4,1,0
BRDA:82,5,0,0
BRDA:82,5,1,0
BRDA:86,6,0,0
BRDA:86,6,1,0
BRDA:86,7,0,0
BRDA:86,7,1,0
BRDA:91,8,0,0
BRDA:91,8,1,0
BRDA:91,9,0,0
BRDA:91,9,1,0
BRDA:98,10,0,0
BRDA:98,10,1,0
BRDA:101,11,0,0
BRDA:101,11,1,0
BRF:24
BRH:0
end_of_record
TN:
SF:/Users/andrewahn/Desktop/MyEtherWallet/src/core/components/AppTopRightBtn.vue
FN:13,(anonymous_1)
FNF:1
FNH:0
FNDA:0,(anonymous_1)
DA:13,0
LF:1
LH:0
BRF:0
BRH:0
end_of_record
TN:
SF:/Users/andrewahn/Desktop/MyEtherWallet/src/core/components/AppTransactionFee.vue
FN:214,(anonymous_1)
FN:215,(anonymous_2)
FN:221,(anonymous_3)
FN:224,(anonymous_4)
FN:228,(anonymous_5)
FN:231,(anonymous_6)
FN:234,(anonymous_7)
FN:240,(anonymous_8)
FN:243,(anonymous_9)
FN:248,(anonymous_10)
FN:253,(anonymous_11)
FN:259,(anonymous_12)
FN:260,(anonymous_13)
FN:264,(anonymous_14)
FN:267,(anonymous_15)
FN:268,(anonymous_16)
FN:272,(anonymous_17)
FN:275,(anonymous_18)
FN:278,(anonymous_19)
FNF:19
FNH:0
FNDA:0,(anonymous_1)
FNDA:0,(anonymous_2)
FNDA:0,(anonymous_3)
FNDA:0,(anonymous_4)
FNDA:0,(anonymous_5)
FNDA:0,(anonymous_6)
FNDA:0,(anonymous_7)
FNDA:0,(anonymous_8)
FNDA:0,(anonymous_9)
FNDA:0,(anonymous_10)
FNDA:0,(anonymous_11)
FNDA:0,(anonymous_12)
FNDA:0,(anonymous_13)
FNDA:0,(anonymous_14)
FNDA:0,(anonymous_15)
FNDA:0,(anonymous_16)
FNDA:0,(anonymous_17)
FNDA:0,(anonymous_18)
FNDA:0,(anonymous_19)
DA:165,0
DA:166,0
DA:167,0
DA:168,0
DA:169,0
DA:173,0
DA:174,0
DA:175,0
DA:215,0
DA:222,0
DA:225,0
DA:226,0
DA:229,0
DA:232,0
DA:235,0
DA:238,0
DA:241,0
DA:244,0
DA:249,0
DA:250,0
DA:255,0
DA:260,0
DA:261,0
DA:265,0
DA:268,0
DA:269,0
DA:273,0
DA:276,0
DA:279,0
LF:29
LH:0
BRF:0
BRH:0
end_of_record
TN:
SF:/Users/andrewahn/Desktop/MyEtherWallet/src/core/components/AppUserMsgBlock.vue
FN:34,(anonymous_1)
FN:45,(anonymous_2)
FNF:2
FNH:0
FNDA:0,(anonymous_1)
FNDA:0,(anonymous_2)
DA:45,0
LF:1
LH:0
BRF:0
BRH:0
end_of_record
TN:
SF:/Users/andrewahn/Desktop/MyEtherWallet/src/core/components/TheDappHeader.vue
FN:80,(anonymous_1)
FNF:1
FNH:0
FNDA:0,(anonymous_1)
DA:63,0
DA:80,0
LF:2
LH:0
BRF:0
BRH:0
end_of_record
TN:
SF:/Users/andrewahn/Desktop/MyEtherWallet/src/core/components/TheWrapperDapp.vue
FN:188,(anonymous_1)
FN:200,(anonymous_2)
FN:225,(anonymous_3)
FN:245,(anonymous_4)
FN:253,(anonymous_5)
FN:260,(anonymous_6)
FN:262,(anonymous_7)
FN:267,(anonymous_8)
FN:268,(anonymous_9)
FN:274,(anonymous_10)
FN:281,(anonymous_11)
FN:286,(anonymous_12)
FNF:12
FNH:0
FNDA:0,(anonymous_1)
FNDA:0,(anonymous_2)
FNDA:0,(anonymous_3)
FNDA:0,(anonymous_4)
FNDA:0,(anonymous_5)
FNDA:0,(anonymous_6)
FNDA:0,(anonymous_7)
FNDA:0,(anonymous_8)
FNDA:0,(anonymous_9)
FNDA:0,(anonymous_10)
FNDA:0,(anonymous_11)
FNDA:0,(anonymous_12)
DA:162,0
DA:163,0
DA:164,0
DA:165,0
DA:166,0
DA:200,0
DA:245,0
DA:254,0
DA:261,0
DA:262,0
DA:265,0
DA:268,0
DA:269,0
DA:270,0
DA:275,0
DA:276,0
DA:277,0
DA:282,0
DA:287,0
DA:288,0
DA:290,0
LF:21
LH:0
BRDA:269,0,0,0
BRDA:269,0,1,0
BRDA:276,1,0,0
BRDA:276,1,1,0
BRF:4
BRH:0
end_of_record
TN:
SF:/Users/andrewahn/Desktop/MyEtherWallet/src/core/components/TheWrapperWallet.vue
FNF:0
FNH:0
DA:61,0
LF:1
LH:0
BRF:0
BRH:0
end_of_record
TN:
SF:/Users/andrewahn/Desktop/MyEtherWallet/src/core/configs/configCurrencyTypes.js
FNF:0
FNH:0
LF:0
LH:0
BRF:0
BRH:0
end_of_record
TN:
SF:/Users/andrewahn/Desktop/MyEtherWallet/src/core/configs/configRoutes.js
FNF:0
FNH:0
DA:1,0
DA:24,0
LF:2
LH:0
BRF:0
BRH:0
end_of_record
TN:
SF:/Users/andrewahn/Desktop/MyEtherWallet/src/core/directives/lottie.js
FN:9,(anonymous_0)
FNF:1
FNH:0
FNDA:0,(anonymous_0)
DA:4,0
DA:8,0
DA:10,0
DA:11,0
LF:4
LH:0
BRDA:10,0,0,0
BRDA:10,0,1,0
BRF:2
BRH:0
end_of_record
TN:
SF:/Users/andrewahn/Desktop/MyEtherWallet/src/core/filters/lokalise.js
FN:1,(anonymous_0)
FNF:1
FNH:0
FNDA:0,(anonymous_0)
DA:1,0
DA:2,0
DA:3,0
DA:5,0
LF:4
LH:0
BRDA:2,0,0,0
BRDA:2,0,1,0
BRF:2
BRH:0
end_of_record
TN:
SF:/Users/andrewahn/Desktop/MyEtherWallet/src/core/helpers/addressUtils.js
FN:3,(anonymous_0)
FN:8,(anonymous_1)
FNF:2
FNH:1
FNDA:2,(anonymous_0)
FNDA:0,(anonymous_1)
DA:3,3
DA:4,2
DA:8,3
DA:9,0
LF:4
LH:3
BRDA:5,0,0,2
BRDA:5,0,1,2
BRDA:5,0,2,2
BRF:3
BRH:3
end_of_record
TN:
SF:/Users/andrewahn/Desktop/MyEtherWallet/src/core/helpers/blockies.js
FN:3,seedrand
FN:13,rand
FN:25,createColor
FN:37,createImageData
FN:64,createCanvas
FN:84,createIcon
FNF:6
FNH:0
FNDA:0,seedrand
FNDA:0,rand
FNDA:0,createColor
FNDA:0,createImageData
FNDA:0,createCanvas
FNDA:0,createIcon
DA:1,0
DA:4,0
DA:5,0
DA:7,0
DA:8,0
DA:15,0
DA:17,0
DA:18,0
DA:19,0
DA:20,0
DA:22,0
DA:27,0
DA:29,0
DA:31,0
DA:33,0
DA:34,0
DA:38,0
DA:39,0
DA:41,0
DA:42,0
DA:44,0
DA:45,0
DA:46,0
DA:47,0
DA:50,0
DA:52,0
DA:53,0
DA:54,0
DA:56,0
DA:57,0
DA:61,0
DA:65,0
DA:66,0
DA:67,0
DA:68,0
DA:69,0
DA:70,0
DA:71,0
DA:73,0
DA:74,0
DA:75,0
DA:76,0
DA:77,0
DA:78,0
DA:81,0
DA:85,0
DA:86,0
DA:87,0
DA:89,0
DA:90,0
DA:91,0
DA:92,0
DA:93,0
DA:94,0
DA:95,0
DA:97,0
LF:56
LH:0
BRDA:76,0,0,0
BRDA:76,0,1,0
BRDA:77,1,0,0
BRDA:77,1,1,0
BRDA:85,2,0,0
BRDA:85,2,1,0
BRDA:86,3,0,0
BRDA:86,3,1,0
BRDA:87,4,0,0
BRDA:87,4,1,0
BRDA:89,5,0,0
BRDA:89,5,1,0
BRDA:91,6,0,0
BRDA:91,6,1,0
BRDA:92,7,0,0
BRDA:92,7,1,0
BRDA:93,8,0,0
BRDA:93,8,1,0
BRF:18
BRH:0
end_of_record
TN:
SF:/Users/andrewahn/Desktop/MyEtherWallet/src/core/helpers/common.js
FN:2,(anonymous_0)
FN:10,(anonymous_1)
FNF:2
FNH:0
FNDA:0,(anonymous_0)
FNDA:0,(anonymous_1)
DA:2,2
DA:3,0
DA:4,0
DA:5,0
DA:7,0
DA:10,2
DA:11,0
DA:13,2
DA:14,2
LF:9
LH:4
BRF:0
BRH:0
end_of_record
TN:
SF:/Users/andrewahn/Desktop/MyEtherWallet/src/core/helpers/commonGenerator.js
FN:3,(anonymous_0)
FNF:1
FNH:0
FNDA:0,(anonymous_0)
DA:3,0
DA:4,0
LF:2
LH:0
BRF:0
BRH:0
end_of_record
TN:
SF:/Users/andrewahn/Desktop/MyEtherWallet/src/core/helpers/createApolloClient.js
FN:11,createApolloClient
FN:25,(anonymous_1)
FN:27,(anonymous_2)
FN:35,(anonymous_3)
FN:44,(anonymous_4)
FNF:5
FNH:0
FNDA:0,createApolloClient
FNDA:0,(anonymous_1)
FNDA:0,(anonymous_2)
FNDA:0,(anonymous_3)
FNDA:0,(anonymous_4)
DA:12,0
DA:16,0
DA:23,0
DA:25,0
DA:26,0
DA:27,0
DA:28,0
DA:30,0
DA:34,0
DA:35,0
DA:36,0
DA:37,0
DA:42,0
DA:45,0
DA:46,0
DA:54,0
LF:16
LH:0
BRDA:26,0,0,0
BRDA:26,0,1,0
BRDA:26,1,0,0
BRDA:26,1,1,0
BRDA:34,2,0,0
BRDA:34,2,1,0
BRDA:34,3,0,0
BRDA:34,3,1,0
BRDA:47,4,0,0
BRDA:47,4,1,0
BRF:10
BRH:0
end_of_record
TN:
SF:/Users/andrewahn/Desktop/MyEtherWallet/src/core/helpers/gasPriceHelper.js
FN:11,(anonymous_0)
FN:14,(anonymous_1)
FN:22,(anonymous_2)
FN:31,(anonymous_3)
FN:41,(anonymous_4)
FN:55,(anonymous_5)
FN:67,(anonymous_6)
FN:79,(anonymous_7)
FN:82,(anonymous_8)
FN:102,(anonymous_9)
FN:121,(anonymous_10)
FN:123,(anonymous_11)
FN:148,(anonymous_12)
FNF:13
FNH:0
FNDA:0,(anonymous_0)
FNDA:0,(anonymous_1)
FNDA:0,(anonymous_2)
FNDA:0,(anonymous_3)
FNDA:0,(anonymous_4)
FNDA:0,(anonymous_5)
FNDA:0,(anonymous_6)
FNDA:0,(anonymous_7)
FNDA:0,(anonymous_8)
FNDA:0,(anonymous_9)
FNDA:0,(anonymous_10)
FNDA:0,(anonymous_11)
FNDA:0,(anonymous_12)
DA:3,2
DA:4,2
DA:5,2
DA:6,2
DA:7,2
DA:8,2
DA:9,2
DA:11,2
DA:12,0
DA:14,2
DA:15,0
DA:16,0
DA:17,0
DA:18,0
DA:20,0
DA:22,2
DA:23,0
DA:24,0
DA:25,0
DA:27,0
DA:29,0
DA:31,2
DA:32,0
DA:33,0
DA:34,0
DA:36,0
DA:37,0
DA:38,0
DA:41,2
DA:42,0
DA:43,0
DA:44,0
DA:46,0
DA:47,0
DA:48,0
DA:50,2
DA:55,2
DA:56,0
DA:58,0
DA:60,0
DA:62,0
DA:64,0
DA:67,2
DA:68,0
DA:70,0
DA:72,0
DA:74,0
DA:76,0
DA:79,2
DA:80,0
DA:82,2
DA:83,0
DA:84,0
DA:86,0
DA:88,0
DA:89,0
DA:91,0
DA:92,0
DA:94,0
DA:95,0
DA:97,0
DA:99,0
DA:100,0
DA:102,2
DA:103,0
DA:105,0
DA:107,0
DA:109,0
DA:111,0
DA:121,2
DA:123,0
DA:124,0
DA:130,0
DA:131,0
DA:132,0
DA:134,0
DA:135,0
DA:141,0
DA:149,0
DA:152,0
DA:154,0
LF:81
LH:19
BRDA:15,0,0,0
BRDA:15,0,1,0
BRDA:23,1,0,0
BRDA:23,1,1,0
BRDA:33,2,0,0
BRDA:33,2,1,0
BRDA:43,3,0,0
BRDA:43,3,1,0
BRDA:56,4,0,0
BRDA:56,4,1,0
BRDA:56,4,2,0
BRDA:56,4,3,0
BRDA:68,5,0,0
BRDA:68,5,1,0
BRDA:68,5,2,0
BRDA:68,5,3,0
BRDA:86,6,0,0
BRDA:86,6,1,0
BRDA:86,6,2,0
BRDA:86,6,3,0
BRDA:99,7,0,0
BRDA:99,7,1,0
BRDA:103,8,0,0
BRDA:103,8,1,0
BRDA:103,8,2,0
BRDA:103,8,3,0
BRDA:131,9,0,0
BRDA:131,9,1,0
BRF:28
BRH:0
end_of_record
TN:
SF:/Users/andrewahn/Desktop/MyEtherWallet/src/core/helpers/getService.js
FN:2,(anonymous_0)
FN:8,(anonymous_1)
FNF:2
FNH:0
FNDA:0,(anonymous_0)
FNDA:0,(anonymous_1)
DA:2,0
DA:3,0
DA:4,0
DA:5,0
DA:8,0
DA:9,0
DA:10,0
DA:11,0
DA:13,0
DA:14,0
LF:10
LH:0
BRDA:3,0,0,0
BRDA:3,0,1,0
BRDA:11,1,0,0
BRDA:11,1,1,0
BRF:4
BRH:0
end_of_record
TN:
SF:/Users/andrewahn/Desktop/MyEtherWallet/src/core/helpers/hasValidDecimals.js
FN:1,(anonymous_0)
FNF:1
FNH:0
FNDA:0,(anonymous_0)
DA:1,1
DA:2,0
DA:3,0
DA:4,0
LF:4
LH:1
BRDA:3,0,0,0
BRDA:3,0,1,0
BRF:2
BRH:0
end_of_record
TN:
SF:/Users/andrewahn/Desktop/MyEtherWallet/src/core/helpers/mnemonicTools.js
FN:3,phrase12
FN:7,phrase24
FNF:2
FNH:0
FNDA:0,phrase12
FNDA:0,phrase24
DA:1,0
DA:4,0
DA:8,0
LF:3
LH:0
BRF:0
BRH:0
end_of_record
TN:
SF:/Users/andrewahn/Desktop/MyEtherWallet/src/core/helpers/normalise.js
FN:2,(anonymous_0)
FNF:1
FNH:1
FNDA:4,(anonymous_0)
DA:2,1
DA:3,4
LF:2
LH:2
BRF:0
BRH:0
end_of_record
TN:
SF:/Users/andrewahn/Desktop/MyEtherWallet/src/core/helpers/numberFormatHelper.js
FN:69,(anonymous_0)
FN:79,(anonymous_1)
FN:113,formatFloatingPointValue
FN:173,(anonymous_3)
FN:238,(anonymous_4)
FN:294,(anonymous_5)
FN:367,(anonymous_6)
FN:420,(anonymous_7)
FN:433,(anonymous_8)
FN:445,(anonymous_9)
FN:458,(anonymous_10)
FN:473,(anonymous_11)
FN:489,(anonymous_12)
FNF:13
FNH:0
FNDA:0,(anonymous_0)
FNDA:0,(anonymous_1)
FNDA:0,formatFloatingPointValue
FNDA:0,(anonymous_3)
FNDA:0,(anonymous_4)
FNDA:0,(anonymous_5)
FNDA:0,(anonymous_6)
FNDA:0,(anonymous_7)
FNDA:0,(anonymous_8)
FNDA:0,(anonymous_9)
FNDA:0,(anonymous_10)
FNDA:0,(anonymous_11)
FNDA:0,(anonymous_12)
DA:25,2
DA:26,2
DA:27,2
DA:28,2
DA:29,2
DA:30,2
DA:31,2
DA:32,2
DA:34,2
DA:48,2
DA:53,2
DA:54,2
DA:69,2
DA:70,0
DA:79,2
DA:80,0
DA:82,0
DA:83,0
DA:87,0
DA:88,0
DA:92,0
DA:93,0
DA:97,0
DA:98,0
DA:102,0
DA:114,0
DA:119,0
DA:120,0
DA:127,0
DA:128,0
DA:135,0
DA:136,0
DA:143,0
DA:144,0
DA:151,0
DA:152,0
DA:159,0
DA:173,2
DA:174,0
DA:175,0
DA:181,0
DA:182,0
DA:188,0
DA:189,0
DA:199,0
DA:200,0
DA:210,0
DA:211,0
DA:212,0
DA:223,0
DA:224,0
DA:238,2
DA:239,0
DA:240,0
DA:241,0
DA:242,0
DA:248,0
DA:249,0
DA:256,0
DA:257,0
DA:269,0
DA:270,0
DA:281,0
DA:282,0
DA:294,2
DA:296,0
DA:297,0
DA:302,0
DA:303,0
DA:306,0
DA:307,0
DA:313,0
DA:314,0
DA:315,0
DA:326,0
DA:327,0
DA:328,0
DA:339,0
DA:340,0
DA:347,0
DA:348,0
DA:355,0
DA:356,0
DA:367,2
DA:368,0
DA:373,0
DA:374,0
DA:381,0
DA:382,0
DA:389,0
DA:390,0
DA:397,0
DA:398,0
DA:405,0
DA:420,2
DA:421,0
DA:422,0
DA:433,2
DA:434,0
DA:435,0
DA:445,2
DA:446,0
DA:447,0
DA:458,2
DA:459,0
DA:473,2
DA:474,0
DA:475,0
DA:489,2
DA:490,0
DA:491,0
DA:492,0
DA:493,0
LF:113
LH:24
BRDA:82,0,0,0
BRDA:82,0,1,0
BRDA:87,1,0,0
BRDA:87,1,1,0
BRDA:92,2,0,0
BRDA:92,2,1,0
BRDA:97,3,0,0
BRDA:97,3,1,0
BRDA:119,4,0,0
BRDA:119,4,1,0
BRDA:119,5,0,0
BRDA:119,5,1,0
BRDA:127,6,0,0
BRDA:127,6,1,0
BRDA:135,7,0,0
BRDA:135,7,1,0
BRDA:143,8,0,0
BRDA:143,8,1,0
BRDA:151,9,0,0
BRDA:151,9,1,0
BRDA:181,10,0,0
BRDA:181,10,1,0
BRDA:188,11,0,0
BRDA:188,11,1,0
BRDA:199,12,0,0
BRDA:199,12,1,0
BRDA:210,13,0,0
BRDA:210,13,1,0
BRDA:248,14,0,0
BRDA:248,14,1,0
BRDA:256,15,0,0
BRDA:256,15,1,0
BRDA:269,16,0,0
BRDA:269,16,1,0
BRDA:302,17,0,0
BRDA:302,17,1,0
BRDA:313,18,0,0
BRDA:313,18,1,0
BRDA:314,19,0,0
BRDA:314,19,1,0
BRDA:326,20,0,0
BRDA:326,20,1,0
BRDA:331,21,0,0
BRDA:331,21,1,0
BRDA:339,22,0,0
BRDA:339,22,1,0
BRDA:347,23,0,0
BRDA:347,23,1,0
BRDA:355,24,0,0
BRDA:355,24,1,0
BRDA:373,25,0,0
BRDA:373,25,1,0
BRDA:373,26,0,0
BRDA:373,26,1,0
BRDA:373,26,2,0
BRDA:381,27,0,0
BRDA:381,27,1,0
BRDA:389,28,0,0
BRDA:389,28,1,0
BRDA:397,29,0,0
BRDA:397,29,1,0
BRDA:473,30,0,0
BRDA:476,31,0,0
BRDA:476,31,1,0
BRDA:479,32,0,0
BRDA:479,32,1,0
BRDA:490,33,0,0
BRDA:490,33,1,0
BRDA:490,34,0,0
BRDA:490,34,1,0
BRDA:490,34,2,0
BRDA:490,34,3,0
BRF:72
BRH:0
end_of_record
TN:
SF:/Users/andrewahn/Desktop/MyEtherWallet/src/core/helpers/sanitizeHex.js
FN:1,(anonymous_0)
FN:6,(anonymous_1)
FNF:2
FNH:0
FNDA:0,(anonymous_0)
FNDA:0,(anonymous_1)
DA:1,2
DA:2,0
DA:3,0
DA:6,2
DA:7,0
DA:8,0
DA:9,0
LF:7
LH:2
BRDA:2,0,0,0
BRDA:2,0,1,0
BRDA:7,1,0,0
BRDA:7,1,1,0
BRDA:7,2,0,0
BRDA:7,2,1,0
BRDA:8,3,0,0
BRDA:8,3,1,0
BRF:8
BRH:0
end_of_record
TN:
SF:/Users/andrewahn/Desktop/MyEtherWallet/src/core/helpers/stripQuery.js
FN:3,(anonymous_0)
FN:5,(anonymous_1)
FNF:2
FNH:0
FNDA:0,(anonymous_0)
FNDA:0,(anonymous_1)
DA:4,0
DA:5,0
DA:6,0
DA:8,0
LF:4
LH:0
BRF:0
BRH:0
end_of_record
TN:
SF:/Users/andrewahn/Desktop/MyEtherWallet/src/core/helpers/timeAgo.js
FN:8,(anonymous_0)
FNF:1
FNH:0
FNDA:0,(anonymous_0)
DA:1,0
DA:2,0
DA:3,0
DA:4,0
DA:5,0
DA:9,0
DA:10,0
DA:11,0
DA:12,0
DA:13,0
DA:14,0
DA:15,0
DA:17,0
LF:13
LH:0
BRDA:17,0,0,0
BRDA:17,0,1,0
BRDA:19,1,0,0
BRDA:19,1,1,0
BRDA:21,2,0,0
BRDA:21,2,1,0
BRDA:23,3,0,0
BRDA:23,3,1,0
BRDA:25,4,0,0
BRDA:25,4,1,0
BRF:10
BRH:0
end_of_record
TN:
SF:/Users/andrewahn/Desktop/MyEtherWallet/src/core/helpers/toBuffer.js
FN:3,(anonymous_0)
FNF:1
FNH:0
FNDA:0,(anonymous_0)
DA:3,0
DA:4,0
DA:5,0
DA:7,0
LF:4
LH:0
BRDA:4,0,0,0
BRDA:4,0,1,0
BRF:2
BRH:0
end_of_record
TN:
SF:/Users/andrewahn/Desktop/MyEtherWallet/src/core/helpers/tokenInfo.js
FN:45,(anonymous_0)
FNF:1
FNH:0
FNDA:0,(anonymous_0)
DA:1,2
DA:45,2
DA:46,0
DA:47,0
DA:48,0
DA:49,0
DA:50,0
DA:51,0
DA:57,0
LF:9
LH:2
BRF:0
BRH:0
end_of_record
TN:
SF:/Users/andrewahn/Desktop/MyEtherWallet/src/core/helpers/unit.js
FN:23,(anonymous_0)
FN:27,(anonymous_1)
FN:52,(anonymous_2)
FN:87,(anonymous_3)
FNF:4
FNH:0
FNDA:0,(anonymous_0)
FNDA:0,(anonymous_1)
FNDA:0,(anonymous_2)
FNDA:0,(anonymous_3)
DA:11,0
DA:12,0
DA:23,0
DA:24,0
DA:27,0
DA:28,0
DA:29,0
DA:30,0
DA:34,0
DA:35,0
DA:36,0
DA:37,0
DA:42,0
DA:43,0
DA:45,0
DA:47,0
DA:52,0
DA:53,0
DA:54,0
DA:55,0
DA:56,0
DA:57,0
DA:59,0
DA:60,0
DA:63,0
DA:65,0
DA:66,0
DA:68,0
DA:69,0
DA:72,0
DA:74,0
DA:75,0
DA:78,0
DA:80,0
DA:81,0
DA:84,0
DA:87,0
DA:88,0
DA:89,0
DA:90,0
DA:93,0
DA:94,0
DA:95,0
DA:98,0
DA:99,0
DA:105,0
DA:106,0
DA:107,0
DA:112,0
DA:113,0
DA:115,0
DA:116,0
DA:118,0
DA:119,0
DA:121,0
DA:122,0
DA:127,0
DA:128,0
DA:131,0
DA:132,0
DA:133,0
DA:135,0
DA:136,0
DA:139,0
LF:64
LH:0
BRDA:28,0,0,0
BRDA:28,0,1,0
BRDA:29,1,0,0
BRDA:29,1,1,0
BRDA:35,2,0,0
BRDA:35,2,1,0
BRDA:37,3,0,0
BRDA:37,3,1,0
BRDA:38,4,0,0
BRDA:38,4,1,0
BRDA:38,4,2,0
BRDA:38,4,3,0
BRDA:42,5,0,0
BRDA:42,5,1,0
BRDA:56,6,0,0
BRDA:56,6,1,0
BRDA:57,7,0,0
BRDA:57,7,1,0
BRDA:59,8,0,0
BRDA:59,8,1,0
BRDA:68,9,0,0
BRDA:68,9,1,0
BRDA:74,10,0,0
BRDA:74,10,1,0
BRDA:78,11,0,0
BRDA:78,11,1,0
BRDA:80,12,0,0
BRDA:80,12,1,0
BRDA:90,13,0,0
BRDA:90,13,1,0
BRDA:94,14,0,0
BRDA:94,14,1,0
BRDA:98,15,0,0
BRDA:98,15,1,0
BRDA:106,16,0,0
BRDA:106,16,1,0
BRDA:115,17,0,0
BRDA:115,17,1,0
BRDA:118,18,0,0
BRDA:118,18,1,0
BRDA:121,19,0,0
BRDA:121,19,1,0
BRDA:135,20,0,0
BRDA:135,20,1,0
BRF:44
BRH:0
end_of_record
TN:
SF:/Users/andrewahn/Desktop/MyEtherWallet/src/core/helpers/validateHexString.js
FN:3,(anonymous_0)
FNF:1
FNH:0
FNDA:0,(anonymous_0)
DA:3,0
DA:4,0
DA:5,0
LF:3
LH:0
BRDA:4,0,0,0
BRDA:4,0,1,0
BRF:2
BRH:0
end_of_record
TN:
SF:/Users/andrewahn/Desktop/MyEtherWallet/src/core/mixins/buyMore.mixin.js
FN:8,(anonymous_0)
FN:12,(anonymous_1)
FNF:2
FNH:0
FNDA:0,(anonymous_0)
FNDA:0,(anonymous_1)
DA:9,0
DA:13,0
LF:2
LH:0
BRF:0
BRH:0
end_of_record
TN:
SF:/Users/andrewahn/Desktop/MyEtherWallet/src/core/mixins/handlerWallet.mixin.js
FN:8,(anonymous_0)
FN:22,(anonymous_1)
FN:25,(anonymous_2)
FN:31,(anonymous_3)
FNF:4
FNH:0
FNDA:0,(anonymous_0)
FNDA:0,(anonymous_1)
FNDA:0,(anonymous_2)
FNDA:0,(anonymous_3)
DA:9,0
DA:23,0
DA:24,0
DA:25,0
DA:26,0
DA:28,0
DA:32,0
LF:7
LH:0
BRDA:24,0,0,0
BRDA:24,0,1,0
BRDA:24,1,0,0
BRDA:24,1,1,0
BRF:4
BRH:0
end_of_record
TN:
SF:/Users/andrewahn/Desktop/MyEtherWallet/src/core/mixins/stake.mixin.js
FN:8,(anonymous_0)
FN:12,(anonymous_1)
FNF:2
FNH:0
FNDA:0,(anonymous_0)
FNDA:0,(anonymous_1)
DA:9,0
DA:13,0
LF:2
LH:0
BRF:0
BRH:0
end_of_record
TN:
SF:/Users/andrewahn/Desktop/MyEtherWallet/src/core/plugins/eventBus.js
FNF:0
FNH:0
DA:2,4
LF:1
LH:1
BRF:0
BRH:0
end_of_record
TN:
SF:/Users/andrewahn/Desktop/MyEtherWallet/src/core/plugins/registerServiceWorker.js
FN:8,(anonymous_0)
FN:11,(anonymous_1)
FN:14,(anonymous_2)
FNF:3
FNH:0
FNDA:0,(anonymous_0)
FNDA:0,(anonymous_1)
FNDA:0,(anonymous_2)
DA:5,0
DA:6,0
DA:9,0
DA:12,0
DA:15,0
LF:5
LH:0
BRDA:5,0,0,0
BRDA:5,0,1,0
BRDA:9,1,0,0
BRDA:9,1,1,0
BRDA:12,2,0,0
BRDA:12,2,1,0
BRDA:15,3,0,0
BRDA:15,3,1,0
BRF:8
BRH:0
end_of_record
TN:
SF:/Users/andrewahn/Desktop/MyEtherWallet/src/core/plugins/vuetify.js
FNF:0
FNH:0
DA:93,0
LF:1
LH:0
BRF:0
BRH:0
end_of_record
TN:
SF:/Users/andrewahn/Desktop/MyEtherWallet/src/core/router/helpers.js
FN:11,(anonymous_0)
FN:13,(anonymous_1)
FN:20,(anonymous_2)
FN:37,(anonymous_3)
FN:52,(anonymous_4)
FN:65,(anonymous_5)
FN:102,(anonymous_6)
FN:118,(anonymous_7)
FN:131,(anonymous_8)
FNF:9
FNH:0
FNDA:0,(anonymous_0)
FNDA:0,(anonymous_1)
FNDA:0,(anonymous_2)
FNDA:0,(anonymous_3)
FNDA:0,(anonymous_4)
FNDA:0,(anonymous_5)
FNDA:0,(anonymous_6)
FNDA:0,(anonymous_7)
FNDA:0,(anonymous_8)
DA:5,0
DA:11,0
DA:12,0
DA:13,0
DA:14,0
DA:17,0
DA:20,0
DA:21,0
DA:22,0
DA:23,0
DA:25,0
DA:31,0
DA:37,0
DA:38,0
DA:39,0
DA:40,0
DA:41,0
DA:42,0
DA:43,0
DA:45,0
DA:48,0
DA:52,0
DA:53,0
DA:54,0
DA:55,0
DA:57,0
DA:58,0
DA:65,0
DA:66,0
DA:67,0
DA:69,0
DA:70,0
DA:78,0
DA:79,0
DA:81,0
DA:84,0
DA:85,0
DA:86,0
DA:87,0
DA:89,0
DA:92,0
DA:93,0
DA:94,0
DA:96,0
DA:102,0
DA:103,0
DA:104,0
DA:105,0
DA:106,0
DA:107,0
DA:108,0
DA:118,0
DA:119,0
DA:120,0
DA:121,0
DA:123,0
DA:124,0
DA:125,0
DA:127,0
DA:131,0
DA:132,0
DA:137,0
DA:138,0
DA:143,0
DA:144,0
DA:149,0
DA:150,0
DA:155,0
LF:68
LH:0
BRDA:21,0,0,0
BRDA:21,0,1,0
BRDA:23,1,0,0
BRDA:23,1,1,0
BRDA:25,2,0,0
BRDA:25,2,1,0
BRDA:25,3,0,0
BRDA:25,3,1,0
BRDA:25,3,2,0
BRDA:38,4,0,0
BRDA:38,4,1,0
BRDA:40,5,0,0
BRDA:40,5,1,0
BRDA:42,6,0,0
BRDA:42,6,1,0
BRDA:53,7,0,0
BRDA:53,7,1,0
BRDA:55,8,0,0
BRDA:55,8,1,0
BRDA:57,9,0,0
BRDA:57,9,1,0
BRDA:57,10,0,0
BRDA:57,10,1,0
BRDA:66,11,0,0
BRDA:66,11,1,0
BRDA:69,12,0,0
BRDA:69,12,1,0
BRDA:78,13,0,0
BRDA:78,13,1,0
BRDA:84,14,0,0
BRDA:84,14,1,0
BRDA:86,15,0,0
BRDA:86,15,1,0
BRDA:92,16,0,0
BRDA:92,16,1,0
BRDA:93,17,0,0
BRDA:93,17,1,0
BRDA:103,18,0,0
BRDA:103,18,1,0
BRDA:120,19,0,0
BRDA:120,19,1,0
BRDA:125,20,0,0
BRDA:125,20,1,0
BRDA:132,21,0,0
BRDA:132,21,1,0
BRDA:134,22,0,0
BRDA:134,22,1,0
BRDA:138,23,0,0
BRDA:138,23,1,0
BRDA:140,24,0,0
BRDA:140,24,1,0
BRDA:144,25,0,0
BRDA:144,25,1,0
BRDA:146,26,0,0
BRDA:146,26,1,0
BRDA:150,27,0,0
BRDA:150,27,1,0
BRDA:152,28,0,0
BRDA:152,28,1,0
BRF:59
BRH:0
end_of_record
TN:
SF:/Users/andrewahn/Desktop/MyEtherWallet/src/core/router/routes-default.js
FNF:0
FNH:0
LF:0
LH:0
BRF:0
BRH:0
end_of_record
TN:
SF:/Users/andrewahn/Desktop/MyEtherWallet/src/core/router/routes-not-found.js
FNF:0
FNH:0
LF:0
LH:0
BRF:0
BRH:0
end_of_record
TN:
SF:/Users/andrewahn/Desktop/MyEtherWallet/src/core/router/routes-offline-default.js
FNF:0
FNH:0
LF:0
LH:0
BRF:0
BRH:0
end_of_record
TN:
SF:/Users/andrewahn/Desktop/MyEtherWallet/src/core/router/routes-offline-wallet.js
FNF:0
FNH:0
LF:0
LH:0
BRF:0
BRH:0
end_of_record
TN:
SF:/Users/andrewahn/Desktop/MyEtherWallet/src/core/router/routes-wallet.js
FNF:0
FNH:0
LF:0
LH:0
BRF:0
BRH:0
end_of_record
TN:
SF:/Users/andrewahn/Desktop/MyEtherWallet/src/core/store/configs.js
FNF:0
FNH:0
LF:0
LH:0
BRF:0
BRH:0
end_of_record
TN:
SF:/Users/andrewahn/Desktop/MyEtherWallet/src/core/store/addressBook/actions.js
FN:5,(anonymous_0)
FN:9,(anonymous_1)
FNF:2
FNH:0
FNDA:0,(anonymous_0)
FNDA:0,(anonymous_1)
DA:5,2
DA:6,0
DA:9,2
DA:10,0
LF:4
LH:2
BRF:0
BRH:0
end_of_record
TN:
SF:/Users/andrewahn/Desktop/MyEtherWallet/src/core/store/addressBook/mutations.js
FN:4,(anonymous_0)
FN:13,(anonymous_1)
FN:17,(anonymous_2)
FNF:3
FNH:0
FNDA:0,(anonymous_0)
FNDA:0,(anonymous_1)
FNDA:0,(anonymous_2)
DA:4,2
DA:5,0
DA:6,0
DA:7,0
DA:8,0
DA:13,2
DA:14,0
DA:17,2
DA:18,0
LF:9
LH:3
BRDA:5,0,0,0
BRDA:5,0,1,0
BRDA:7,1,0,0
BRDA:7,1,1,0
BRF:4
BRH:0
end_of_record
TN:
SF:/Users/andrewahn/Desktop/MyEtherWallet/src/core/store/addressBook/state.js
FNF:0
FNH:0
DA:3,2
LF:1
LH:1
BRF:0
BRH:0
end_of_record
TN:
SF:/Users/andrewahn/Desktop/MyEtherWallet/src/core/store/article/actions.js
FN:6,(anonymous_0)
FNF:1
FNH:0
FNDA:0,(anonymous_0)
DA:2,2
DA:6,2
DA:7,0
DA:8,0
DA:9,0
DA:13,0
DA:14,0
DA:15,0
DA:16,0
LF:9
LH:2
BRDA:9,0,0,0
BRDA:9,0,1,0
BRDA:10,1,0,0
BRDA:10,1,1,0
BRF:4
BRH:0
end_of_record
TN:
SF:/Users/andrewahn/Desktop/MyEtherWallet/src/core/store/article/getters.js
FN:1,(anonymous_0)
FN:5,(anonymous_1)
FN:5,(anonymous_2)
FNF:3
FNH:0
FNDA:0,(anonymous_0)
FNDA:0,(anonymous_1)
FNDA:0,(anonymous_2)
DA:1,2
DA:2,0
DA:5,2
DA:6,0
LF:4
LH:2
BRF:0
BRH:0
end_of_record
TN:
SF:/Users/andrewahn/Desktop/MyEtherWallet/src/core/store/article/mutations.js
FN:4,(anonymous_0)
FN:13,(anonymous_1)
FN:17,(anonymous_2)
FNF:3
FNH:0
FNDA:0,(anonymous_0)
FNDA:0,(anonymous_1)
FNDA:0,(anonymous_2)
DA:4,2
DA:5,0
DA:6,0
DA:7,0
DA:8,0
DA:13,2
DA:14,0
DA:17,2
DA:18,0
LF:9
LH:3
BRDA:5,0,0,0
BRDA:5,0,1,0
BRDA:7,1,0,0
BRDA:7,1,1,0
BRF:4
BRH:0
end_of_record
TN:
SF:/Users/andrewahn/Desktop/MyEtherWallet/src/core/store/article/state.js
FNF:0
FNH:0
DA:3,2
LF:1
LH:1
BRF:0
BRH:0
end_of_record
TN:
SF:/Users/andrewahn/Desktop/MyEtherWallet/src/core/store/custom/actions.js
FN:8,(anonymous_0)
FN:12,(anonymous_1)
FN:16,(anonymous_2)
FN:20,(anonymous_3)
FN:24,(anonymous_4)
FN:28,(anonymous_5)
FN:32,(anonymous_6)
FN:33,(anonymous_7)
FN:44,(anonymous_8)
FN:53,(anonymous_9)
FNF:10
FNH:0
FNDA:0,(anonymous_0)
FNDA:0,(anonymous_1)
FNDA:0,(anonymous_2)
FNDA:0,(anonymous_3)
FNDA:0,(anonymous_4)
FNDA:0,(anonymous_5)
FNDA:0,(anonymous_6)
FNDA:0,(anonymous_7)
FNDA:0,(anonymous_8)
FNDA:0,(anonymous_9)
DA:8,2
DA:9,0
DA:12,2
DA:13,0
DA:16,2
DA:17,0
DA:20,2
DA:21,0
DA:24,2
DA:25,0
DA:28,2
DA:29,0
DA:32,2
DA:33,0
DA:34,0
DA:35,0
DA:36,0
DA:37,0
DA:39,0
DA:41,0
DA:43,0
DA:44,0
DA:45,0
DA:46,0
DA:50,0
DA:54,0
DA:55,0
DA:56,0
LF:28
LH:7
BRDA:35,0,0,0
BRDA:35,0,1,0
BRDA:43,1,0,0
BRDA:43,1,1,0
BRF:4
BRH:0
end_of_record
TN:
SF:/Users/andrewahn/Desktop/MyEtherWallet/src/core/store/custom/getters.js
FN:1,(anonymous_0)
FN:6,(anonymous_1)
FNF:2
FNH:0
FNDA:0,(anonymous_0)
FNDA:0,(anonymous_1)
DA:1,2
DA:2,0
DA:3,0
DA:6,2
DA:7,0
DA:8,0
LF:6
LH:2
BRDA:3,0,0,0
BRDA:3,0,1,0
BRF:2
BRH:0
end_of_record
TN:
SF:/Users/andrewahn/Desktop/MyEtherWallet/src/core/store/custom/mutations.js
FN:5,(anonymous_0)
FN:13,(anonymous_1)
FN:20,(anonymous_2)
FN:30,(anonymous_3)
FN:33,(anonymous_4)
FN:34,(anonymous_5)
FN:47,(anonymous_6)
FN:54,(anonymous_7)
FN:58,(anonymous_8)
FN:62,(anonymous_9)
FN:63,(anonymous_10)
FNF:11
FNH:0
FNDA:0,(anonymous_0)
FNDA:0,(anonymous_1)
FNDA:0,(anonymous_2)
FNDA:0,(anonymous_3)
FNDA:0,(anonymous_4)
FNDA:0,(anonymous_5)
FNDA:0,(anonymous_6)
FNDA:0,(anonymous_7)
FNDA:0,(anonymous_8)
FNDA:0,(anonymous_9)
FNDA:0,(anonymous_10)
DA:5,2
DA:6,0
DA:7,0
DA:8,0
DA:9,0
DA:13,2
DA:14,0
DA:15,0
DA:16,0
DA:17,0
DA:19,0
DA:20,0
DA:22,0
DA:23,0
DA:25,0
DA:27,0
DA:30,2
DA:31,0
DA:32,0
DA:34,0
DA:35,0
DA:36,0
DA:39,0
DA:40,0
DA:44,0
DA:47,2
DA:48,0
DA:49,0
DA:50,0
DA:51,0
DA:54,2
DA:55,0
DA:58,2
DA:59,0
DA:62,2
DA:63,0
DA:64,0
DA:65,0
DA:69,0
DA:70,0
LF:40
LH:7
BRDA:6,0,0,0
BRDA:6,0,1,0
BRDA:8,1,0,0
BRDA:8,1,1,0
BRDA:16,2,0,0
BRDA:16,2,1,0
BRDA:22,3,0,0
BRDA:22,3,1,0
BRDA:35,4,0,0
BRDA:35,4,1,0
BRDA:39,5,0,0
BRDA:39,5,1,0
BRDA:64,6,0,0
BRDA:64,6,1,0
BRDA:69,7,0,0
BRDA:69,7,1,0
BRF:16
BRH:0
end_of_record
TN:
SF:/Users/andrewahn/Desktop/MyEtherWallet/src/core/store/custom/state.js
FNF:0
FNH:0
DA:3,2
LF:1
LH:1
BRF:0
BRH:0
end_of_record
TN:
SF:/Users/andrewahn/Desktop/MyEtherWallet/src/core/store/external/actions.js
FN:13,(anonymous_0)
FN:15,(anonymous_1)
FN:16,(anonymous_2)
FN:18,(anonymous_3)
FN:25,(anonymous_4)
FN:33,(anonymous_5)
FN:36,(anonymous_6)
FN:39,(anonymous_7)
FN:55,(anonymous_8)
FN:66,(anonymous_9)
FN:88,(anonymous_10)
FN:91,(anonymous_11)
FN:103,(anonymous_12)
FN:104,(anonymous_13)
FN:105,(anonymous_14)
FN:109,(anonymous_15)
FN:113,(anonymous_16)
FN:126,(anonymous_17)
FN:128,(anonymous_18)
FN:130,(anonymous_19)
FN:153,(anonymous_20)
FN:160,(anonymous_21)
FN:163,(anonymous_22)
FN:170,(anonymous_23)
FNF:24
FNH:0
FNDA:0,(anonymous_0)
FNDA:0,(anonymous_1)
FNDA:0,(anonymous_2)
FNDA:0,(anonymous_3)
FNDA:0,(anonymous_4)
FNDA:0,(anonymous_5)
FNDA:0,(anonymous_6)
FNDA:0,(anonymous_7)
FNDA:0,(anonymous_8)
FNDA:0,(anonymous_9)
FNDA:0,(anonymous_10)
FNDA:0,(anonymous_11)
FNDA:0,(anonymous_12)
FNDA:0,(anonymous_13)
FNDA:0,(anonymous_14)
FNDA:0,(anonymous_15)
FNDA:0,(anonymous_16)
FNDA:0,(anonymous_17)
FNDA:0,(anonymous_18)
FNDA:0,(anonymous_19)
FNDA:0,(anonymous_20)
FNDA:0,(anonymous_21)
FNDA:0,(anonymous_22)
FNDA:0,(anonymous_23)
DA:13,2
DA:14,0
DA:15,0
DA:17,0
DA:18,0
DA:20,0
DA:26,0
DA:30,0
DA:33,2
DA:34,0
DA:36,2
DA:37,0
DA:39,2
DA:46,0
DA:47,0
DA:49,0
DA:52,0
DA:53,0
DA:55,0
DA:56,0
DA:57,0
DA:58,0
DA:59,0
DA:61,0
DA:63,0
DA:65,0
DA:66,0
DA:67,0
DA:68,0
DA:69,0
DA:73,0
DA:89,0
DA:93,0
DA:94,0
DA:97,0
DA:99,0
DA:100,0
DA:103,0
DA:104,0
DA:106,0
DA:107,0
DA:109,0
DA:110,0
DA:111,0
DA:112,0
DA:114,0
DA:115,0
DA:126,0
DA:129,0
DA:130,0
DA:131,0
DA:132,0
DA:133,0
DA:134,0
DA:136,0
DA:137,0
DA:141,0
DA:153,0
DA:154,0
DA:160,0
DA:161,0
DA:165,0
DA:166,0
DA:170,0
LF:64
LH:4
BRDA:17,0,0,0
BRDA:17,0,1,0
BRDA:49,1,0,0
BRDA:49,1,1,0
BRDA:49,1,2,0
BRDA:57,2,0,0
BRDA:57,2,1,0
BRDA:65,3,0,0
BRDA:65,3,1,0
BRDA:106,4,0,0
BRDA:106,4,1,0
BRDA:111,5,0,0
BRDA:111,5,1,0
BRDA:114,6,0,0
BRDA:114,6,1,0
BRDA:132,7,0,0
BRDA:132,7,1,0
BRDA:133,8,0,0
BRDA:133,8,1,0
BRDA:154,9,0,0
BRDA:154,9,1,0
BRDA:156,10,0,0
BRDA:156,10,1,0
BRF:23
BRH:0
end_of_record
TN:
SF:/Users/andrewahn/Desktop/MyEtherWallet/src/core/store/external/getters.js
FN:13,(anonymous_0)
FN:22,(anonymous_1)
FN:27,(anonymous_2)
FN:31,(anonymous_3)
FN:46,(anonymous_4)
FN:70,(anonymous_5)
FN:70,(anonymous_6)
FN:95,(anonymous_7)
FN:95,(anonymous_8)
FN:120,(anonymous_9)
FNF:10
FNH:0
FNDA:0,(anonymous_0)
FNDA:0,(anonymous_1)
FNDA:0,(anonymous_2)
FNDA:0,(anonymous_3)
FNDA:0,(anonymous_4)
FNDA:0,(anonymous_5)
FNDA:0,(anonymous_6)
FNDA:0,(anonymous_7)
FNDA:0,(anonymous_8)
FNDA:0,(anonymous_9)
DA:9,2
DA:13,2
DA:14,0
DA:15,0
DA:16,0
DA:22,2
DA:23,0
DA:24,0
DA:27,2
DA:28,0
DA:29,0
DA:30,0
DA:31,0
DA:33,0
DA:38,0
DA:40,0
DA:46,2
DA:52,0
DA:53,0
DA:54,0
DA:55,0
DA:56,0
DA:63,0
DA:70,2
DA:71,0
DA:72,0
DA:95,2
DA:96,0
DA:97,0
DA:99,0
DA:100,0
DA:101,0
DA:102,0
DA:103,0
DA:104,0
DA:105,0
DA:116,0
DA:117,0
DA:118,0
DA:119,0
DA:120,0
DA:122,0
DA:124,0
DA:125,0
LF:44
LH:7
BRDA:15,0,0,0
BRDA:15,0,1,0
BRDA:29,1,0,0
BRDA:29,1,1,0
BRDA:30,2,0,0
BRDA:30,2,1,0
BRDA:33,3,0,0
BRDA:33,3,1,0
BRDA:33,4,0,0
BRDA:33,4,1,0
BRDA:33,4,2,0
BRDA:53,5,0,0
BRDA:53,5,1,0
BRDA:55,6,0,0
BRDA:55,6,1,0
BRDA:73,7,0,0
BRDA:73,7,1,0
BRDA:74,8,0,0
BRDA:74,8,1,0
BRDA:75,9,0,0
BRDA:75,9,1,0
BRDA:76,10,0,0
BRDA:76,10,1,0
BRDA:77,11,0,0
BRDA:77,11,1,0
BRDA:78,12,0,0
BRDA:78,12,1,0
BRDA:79,13,0,0
BRDA:79,13,1,0
BRDA:80,14,0,0
BRDA:80,14,1,0
BRDA:84,15,0,0
BRDA:84,15,1,0
BRDA:84,16,0,0
BRDA:84,16,1,0
BRDA:87,17,0,0
BRDA:87,17,1,0
BRDA:88,18,0,0
BRDA:88,18,1,0
BRDA:96,19,0,0
BRDA:96,19,1,0
BRDA:101,20,0,0
BRDA:101,20,1,0
BRDA:111,21,0,0
BRDA:111,21,1,0
BRDA:118,22,0,0
BRDA:118,22,1,0
BRDA:124,23,0,0
BRDA:124,23,1,0
BRDA:131,24,0,0
BRDA:131,24,1,0
BRF:51
BRH:0
end_of_record
TN:
SF:/Users/andrewahn/Desktop/MyEtherWallet/src/core/store/external/mutations.js
FN:1,(anonymous_0)
FN:4,(anonymous_1)
FN:7,(anonymous_2)
FNF:3
FNH:0
FNDA:0,(anonymous_0)
FNDA:0,(anonymous_1)
FNDA:0,(anonymous_2)
DA:1,2
DA:2,0
DA:4,2
DA:5,0
DA:7,2
DA:8,0
LF:6
LH:3
BRF:0
BRH:0
end_of_record
TN:
SF:/Users/andrewahn/Desktop/MyEtherWallet/src/core/store/external/state.js
FNF:0
FNH:0
DA:1,2
LF:1
LH:1
BRF:0
BRH:0
end_of_record
TN:
SF:/Users/andrewahn/Desktop/MyEtherWallet/src/core/store/global/actions.js
FN:3,(anonymous_0)
FN:8,(anonymous_1)
FN:12,(anonymous_2)
FN:15,(anonymous_3)
FN:22,(anonymous_4)
FN:29,(anonymous_5)
FN:33,(anonymous_6)
FN:36,(anonymous_7)
FN:40,(anonymous_8)
FN:43,(anonymous_9)
FN:47,(anonymous_10)
FN:51,(anonymous_11)
FN:54,(anonymous_12)
FN:59,(anonymous_13)
FN:63,(anonymous_14)
FN:67,(anonymous_15)
FN:68,(anonymous_16)
FN:69,(anonymous_17)
FN:73,(anonymous_18)
FN:84,(anonymous_19)
FNF:20
FNH:0
FNDA:0,(anonymous_0)
FNDA:0,(anonymous_1)
FNDA:0,(anonymous_2)
FNDA:0,(anonymous_3)
FNDA:0,(anonymous_4)
FNDA:0,(anonymous_5)
FNDA:0,(anonymous_6)
FNDA:0,(anonymous_7)
FNDA:0,(anonymous_8)
FNDA:0,(anonymous_9)
FNDA:0,(anonymous_10)
FNDA:0,(anonymous_11)
FNDA:0,(anonymous_12)
FNDA:0,(anonymous_13)
FNDA:0,(anonymous_14)
FNDA:0,(anonymous_15)
FNDA:0,(anonymous_16)
FNDA:0,(anonymous_17)
FNDA:0,(anonymous_18)
FNDA:0,(anonymous_19)
DA:3,2
DA:4,0
DA:5,0
DA:8,2
DA:9,0
DA:12,2
DA:13,0
DA:14,0
DA:15,0
DA:16,0
DA:19,0
DA:22,0
DA:23,0
DA:26,0
DA:29,2
DA:30,0
DA:33,2
DA:34,0
DA:36,2
DA:37,0
DA:38,0
DA:40,2
DA:41,0
DA:43,2
DA:44,0
DA:45,0
DA:47,2
DA:48,0
DA:51,2
DA:52,0
DA:54,2
DA:55,0
DA:56,0
DA:59,2
DA:60,0
DA:63,2
DA:64,0
DA:67,2
DA:68,0
DA:69,0
DA:70,0
DA:71,0
DA:72,0
DA:73,0
DA:74,0
DA:75,0
DA:76,0
DA:78,0
DA:79,0
DA:84,0
DA:85,0
DA:86,0
LF:52
LH:14
BRDA:4,0,0,0
BRDA:4,0,1,0
BRDA:14,1,0,0
BRDA:14,1,1,0
BRDA:74,2,0,0
BRDA:74,2,1,0
BRDA:78,3,0,0
BRDA:78,3,1,0
BRDA:85,4,0,0
BRDA:85,4,1,0
BRF:10
BRH:0
end_of_record
TN:
SF:/Users/andrewahn/Desktop/MyEtherWallet/src/core/store/global/getters.js
FN:12,(anonymous_0)
FN:15,(anonymous_1)
FN:33,(anonymous_2)
FN:33,(anonymous_3)
FN:47,(anonymous_4)
FN:54,(anonymous_5)
FN:57,(anonymous_6)
FN:61,(anonymous_7)
FN:67,(anonymous_8)
FN:72,(anonymous_9)
FN:77,(anonymous_10)
FN:80,(anonymous_11)
FNF:12
FNH:0
FNDA:0,(anonymous_0)
FNDA:0,(anonymous_1)
FNDA:0,(anonymous_2)
FNDA:0,(anonymous_3)
FNDA:0,(anonymous_4)
FNDA:0,(anonymous_5)
FNDA:0,(anonymous_6)
FNDA:0,(anonymous_7)
FNDA:0,(anonymous_8)
FNDA:0,(anonymous_9)
FNDA:0,(anonymous_10)
FNDA:0,(anonymous_11)
DA:12,2
DA:13,0
DA:15,2
DA:16,0
DA:17,0
DA:18,0
DA:20,0
DA:21,0
DA:22,0
DA:25,0
DA:26,0
DA:27,0
DA:28,0
DA:31,0
DA:33,2
DA:34,0
DA:35,0
DA:37,0
DA:41,0
DA:45,0
DA:47,2
DA:48,0
DA:49,0
DA:51,0
DA:54,2
DA:55,0
DA:57,2
DA:58,0
DA:61,2
DA:62,0
DA:67,2
DA:68,0
DA:69,0
DA:72,2
DA:73,0
DA:74,0
DA:75,0
DA:77,2
DA:78,0
DA:80,2
DA:81,0
DA:85,0
DA:89,0
DA:93,0
LF:44
LH:11
BRDA:17,0,0,0
BRDA:17,0,1,0
BRDA:22,1,0,0
BRDA:22,1,1,0
BRDA:26,2,0,0
BRDA:26,2,1,0
BRDA:34,3,0,0
BRDA:34,3,1,0
BRDA:48,4,0,0
BRDA:48,4,1,0
BRDA:62,5,0,0
BRDA:62,5,1,0
BRDA:69,6,0,0
BRDA:69,6,1,0
BRDA:69,6,2,0
BRDA:75,7,0,0
BRDA:75,7,1,0
BRF:17
BRH:0
end_of_record
TN:
SF:/Users/andrewahn/Desktop/MyEtherWallet/src/core/store/global/mutations.js
FN:4,(anonymous_0)
FN:7,(anonymous_1)
FN:21,(anonymous_2)
FN:25,(anonymous_3)
FN:29,(anonymous_4)
FN:33,(anonymous_5)
FN:37,(anonymous_6)
FN:44,(anonymous_7)
FN:47,(anonymous_8)
FN:48,(anonymous_9)
FN:53,(anonymous_10)
FN:58,(anonymous_11)
FN:61,(anonymous_12)
FN:64,(anonymous_13)
FN:73,(anonymous_14)
FN:77,(anonymous_15)
FN:81,(anonymous_16)
FNF:17
FNH:1
FNDA:2,(anonymous_0)
FNDA:0,(anonymous_1)
FNDA:0,(anonymous_2)
FNDA:0,(anonymous_3)
FNDA:0,(anonymous_4)
FNDA:0,(anonymous_5)
FNDA:0,(anonymous_6)
FNDA:0,(anonymous_7)
FNDA:0,(anonymous_8)
FNDA:0,(anonymous_9)
FNDA:0,(anonymous_10)
FNDA:0,(anonymous_11)
FNDA:0,(anonymous_12)
FNDA:0,(anonymous_13)
FNDA:0,(anonymous_14)
FNDA:0,(anonymous_15)
FNDA:0,(anonymous_16)
DA:4,2
DA:5,2
DA:7,2
DA:8,0
DA:9,0
DA:10,0
DA:11,0
DA:12,0
DA:13,0
DA:17,0
DA:21,2
DA:22,0
DA:25,2
DA:26,0
DA:29,2
DA:30,0
DA:33,2
DA:34,0
DA:37,2
DA:38,0
DA:39,0
DA:42,0
DA:44,2
DA:45,0
DA:47,2
DA:48,0
DA:49,0
DA:53,2
DA:54,0
DA:55,0
DA:56,0
DA:58,2
DA:59,0
DA:61,2
DA:62,0
DA:64,2
DA:65,0
DA:66,0
DA:67,0
DA:68,0
DA:70,0
DA:73,2
DA:74,0
DA:77,2
DA:78,0
DA:81,2
DA:82,0
LF:47
LH:17
BRDA:8,0,0,0
BRDA:8,0,1,0
BRDA:10,1,0,0
BRDA:10,1,1,0
BRDA:11,2,0,0
BRDA:11,2,1,0
BRDA:54,3,0,0
BRDA:54,3,1,0
BRDA:65,4,0,0
BRDA:65,4,1,0
BRDA:67,5,0,0
BRDA:67,5,1,0
BRDA:68,6,0,0
BRDA:68,6,1,0
BRF:14
BRH:0
end_of_record
TN:
SF:/Users/andrewahn/Desktop/MyEtherWallet/src/core/store/global/state.js
FN:5,(anonymous_0)
FNF:1
FNH:1
FNDA:2,(anonymous_0)
DA:5,2
DA:6,2
DA:9,2
DA:35,2
LF:4
LH:4
BRDA:21,0,0,2
BRDA:21,0,1,0
BRF:2
BRH:1
end_of_record
TN:
SF:/Users/andrewahn/Desktop/MyEtherWallet/src/core/store/notifications/actions.js
FN:1,(anonymous_0)
FN:4,(anonymous_1)
FN:7,(anonymous_2)
FNF:3
FNH:0
FNDA:0,(anonymous_0)
FNDA:0,(anonymous_1)
FNDA:0,(anonymous_2)
DA:1,2
DA:2,0
DA:4,2
DA:5,0
DA:7,2
DA:8,0
LF:6
LH:3
BRF:0
BRH:0
end_of_record
TN:
SF:/Users/andrewahn/Desktop/MyEtherWallet/src/core/store/notifications/getters.js
FN:3,(anonymous_0)
FN:6,(anonymous_1)
FN:16,(anonymous_2)
FN:19,(anonymous_3)
FN:30,(anonymous_4)
FN:33,(anonymous_5)
FNF:6
FNH:0
FNDA:0,(anonymous_0)
FNDA:0,(anonymous_1)
FNDA:0,(anonymous_2)
FNDA:0,(anonymous_3)
FNDA:0,(anonymous_4)
FNDA:0,(anonymous_5)
DA:3,2
DA:4,0
DA:5,0
DA:6,0
DA:7,0
DA:11,0
DA:13,0
DA:16,2
DA:17,0
DA:18,0
DA:19,0
DA:20,0
DA:25,0
DA:27,0
DA:30,2
DA:31,0
DA:32,0
DA:33,0
DA:34,0
DA:39,0
DA:41,0
LF:21
LH:3
BRDA:7,0,0,0
BRDA:7,0,1,0
BRDA:8,1,0,0
BRDA:8,1,1,0
BRDA:13,2,0,0
BRDA:13,2,1,0
BRDA:20,3,0,0
BRDA:20,3,1,0
BRDA:21,4,0,0
BRDA:21,4,1,0
BRDA:21,4,2,0
BRDA:27,5,0,0
BRDA:27,5,1,0
BRDA:34,6,0,0
BRDA:34,6,1,0
BRDA:35,7,0,0
BRDA:35,7,1,0
BRDA:35,7,2,0
BRDA:41,8,0,0
BRDA:41,8,1,0
BRF:20
BRH:0
end_of_record
TN:
SF:/Users/andrewahn/Desktop/MyEtherWallet/src/core/store/notifications/mutations.js
FN:6,(anonymous_0)
FN:9,(anonymous_1)
FN:21,(anonymous_2)
FN:29,(anonymous_3)
FN:32,(anonymous_4)
FN:40,(anonymous_5)
FN:41,(anonymous_6)
FN:46,(anonymous_7)
FNF:8
FNH:0
FNDA:0,(anonymous_0)
FNDA:0,(anonymous_1)
FNDA:0,(anonymous_2)
FNDA:0,(anonymous_3)
FNDA:0,(anonymous_4)
FNDA:0,(anonymous_5)
FNDA:0,(anonymous_6)
FNDA:0,(anonymous_7)
DA:6,2
DA:7,0
DA:8,0
DA:9,0
DA:10,0
DA:11,0
DA:15,0
DA:16,0
DA:21,2
DA:22,0
DA:23,0
DA:24,0
DA:26,0
DA:29,2
DA:30,0
DA:32,0
DA:33,0
DA:34,0
DA:36,0
DA:40,2
DA:41,0
DA:42,0
DA:46,2
DA:47,0
LF:24
LH:5
BRDA:7,0,0,0
BRDA:7,0,1,0
BRDA:11,1,0,0
BRDA:11,1,1,0
BRDA:15,2,0,0
BRDA:15,2,1,0
BRDA:23,3,0,0
BRDA:23,3,1,0
BRDA:33,4,0,0
BRDA:33,4,1,0
BRDA:42,5,0,0
BRDA:42,5,1,0
BRF:12
BRH:0
end_of_record
TN:
SF:/Users/andrewahn/Desktop/MyEtherWallet/src/core/store/notifications/state.js
FNF:0
FNH:0
DA:3,2
LF:1
LH:1
BRF:0
BRH:0
end_of_record
TN:
SF:/Users/andrewahn/Desktop/MyEtherWallet/src/core/store/swap/actions.js
FN:5,(anonymous_0)
FN:8,(anonymous_1)
FNF:2
FNH:0
FNDA:0,(anonymous_0)
FNDA:0,(anonymous_1)
DA:5,2
DA:6,0
DA:8,2
DA:9,0
LF:4
LH:2
BRF:0
BRH:0
end_of_record
TN:
SF:/Users/andrewahn/Desktop/MyEtherWallet/src/core/store/swap/mutations.js
FN:1,(anonymous_0)
FN:6,(anonymous_1)
FNF:2
FNH:0
FNDA:0,(anonymous_0)
FNDA:0,(anonymous_1)
DA:1,2
DA:2,0
DA:3,0
DA:6,2
DA:7,0
LF:5
LH:2
BRF:0
BRH:0
end_of_record
TN:
SF:/Users/andrewahn/Desktop/MyEtherWallet/src/core/store/swap/state.js
FNF:0
FNH:0
DA:1,2
LF:1
LH:1
BRF:0
BRH:0
end_of_record
TN:
SF:/Users/andrewahn/Desktop/MyEtherWallet/src/core/store/wallet/actions.js
FN:8,(anonymous_0)
FN:22,(anonymous_1)
FN:26,(anonymous_2)
FN:30,(anonymous_3)
FN:34,(anonymous_4)
FN:38,(anonymous_5)
FN:67,(anonymous_6)
FN:69,(anonymous_7)
FN:96,(anonymous_8)
FN:110,(anonymous_9)
FN:114,(anonymous_10)
FN:118,(anonymous_11)
FNF:12
FNH:0
FNDA:0,(anonymous_0)
FNDA:0,(anonymous_1)
FNDA:0,(anonymous_2)
FNDA:0,(anonymous_3)
FNDA:0,(anonymous_4)
FNDA:0,(anonymous_5)
FNDA:0,(anonymous_6)
FNDA:0,(anonymous_7)
FNDA:0,(anonymous_8)
FNDA:0,(anonymous_9)
FNDA:0,(anonymous_10)
FNDA:0,(anonymous_11)
DA:8,2
DA:9,0
DA:14,0
DA:15,0
DA:16,0
DA:19,0
DA:22,2
DA:23,0
DA:24,0
DA:26,2
DA:27,0
DA:30,2
DA:31,0
DA:34,2
DA:35,0
DA:38,2
DA:42,0
DA:45,0
DA:47,0
DA:52,0
DA:62,0
DA:65,0
DA:66,0
DA:67,0
DA:69,0
DA:70,0
DA:71,0
DA:73,0
DA:79,0
DA:82,0
DA:85,0
DA:86,0
DA:87,0
DA:88,0
DA:91,0
DA:93,0
DA:96,0
DA:97,0
DA:99,0
DA:107,0
DA:110,2
DA:111,0
DA:114,2
DA:115,0
DA:118,2
DA:119,0
LF:46
LH:9
BRDA:9,0,0,0
BRDA:9,0,1,0
BRDA:10,1,0,0
BRDA:10,1,1,0
BRDA:10,1,2,0
BRDA:15,2,0,0
BRDA:15,2,1,0
BRDA:15,3,0,0
BRDA:15,3,1,0
BRDA:42,4,0,0
BRDA:42,4,1,0
BRDA:48,5,0,0
BRDA:48,5,1,0
BRDA:52,6,0,0
BRDA:52,6,1,0
BRDA:52,7,0,0
BRDA:52,7,1,0
BRDA:63,8,0,0
BRDA:63,8,1,0
BRDA:79,9,0,0
BRDA:79,9,1,0
BRDA:82,10,0,0
BRDA:82,10,1,0
BRDA:88,11,0,0
BRDA:88,11,1,0
BRDA:92,12,0,0
BRDA:92,12,1,0
BRF:27
BRH:0
end_of_record
TN:
SF:/Users/andrewahn/Desktop/MyEtherWallet/src/core/store/wallet/getters.js
FN:2,(anonymous_0)
FN:7,(anonymous_1)
FN:12,(anonymous_2)
FN:16,(anonymous_3)
FN:19,(anonymous_4)
FN:30,(anonymous_5)
FNF:6
FNH:0
FNDA:0,(anonymous_0)
FNDA:0,(anonymous_1)
FNDA:0,(anonymous_2)
FNDA:0,(anonymous_3)
FNDA:0,(anonymous_4)
FNDA:0,(anonymous_5)
DA:2,2
DA:3,0
DA:4,0
DA:7,2
DA:8,0
DA:9,0
DA:12,2
DA:13,0
DA:16,2
DA:17,0
DA:18,0
DA:20,0
DA:21,0
DA:23,0
DA:25,0
DA:30,2
DA:31,0
LF:17
LH:5
BRDA:3,0,0,0
BRDA:3,0,1,0
BRDA:8,1,0,0
BRDA:8,1,1,0
BRDA:13,2,0,0
BRDA:13,2,1,0
BRDA:18,3,0,0
BRDA:18,3,1,0
BRDA:20,4,0,0
BRDA:20,4,1,0
BRF:10
BRH:0
end_of_record
TN:
SF:/Users/andrewahn/Desktop/MyEtherWallet/src/core/store/wallet/mutations.js
FN:1,(anonymous_0)
FN:5,(anonymous_1)
FN:13,(anonymous_2)
FN:25,(anonymous_3)
FN:29,(anonymous_4)
FN:33,(anonymous_5)
FN:37,(anonymous_6)
FN:41,(anonymous_7)
FN:45,(anonymous_8)
FN:49,(anonymous_9)
FNF:10
FNH:0
FNDA:0,(anonymous_0)
FNDA:0,(anonymous_1)
FNDA:0,(anonymous_2)
FNDA:0,(anonymous_3)
FNDA:0,(anonymous_4)
FNDA:0,(anonymous_5)
FNDA:0,(anonymous_6)
FNDA:0,(anonymous_7)
FNDA:0,(anonymous_8)
FNDA:0,(anonymous_9)
DA:1,2
DA:2,0
DA:5,2
DA:6,0
DA:7,0
DA:8,0
DA:9,0
DA:10,0
DA:13,2
DA:14,0
DA:15,0
DA:16,0
DA:19,0
DA:20,0
DA:21,0
DA:25,2
DA:26,0
DA:29,2
DA:30,0
DA:33,2
DA:34,0
DA:37,2
DA:38,0
DA:41,2
DA:42,0
DA:45,2
DA:46,0
DA:49,2
DA:50,0
LF:29
LH:10
BRDA:16,0,0,0
BRDA:16,0,1,0
BRDA:20,1,0,0
BRDA:20,1,1,0
BRF:4
BRH:0
end_of_record
TN:
SF:/Users/andrewahn/Desktop/MyEtherWallet/src/core/store/wallet/state.js
FNF:0
FNH:0
DA:1,2
LF:1
LH:1
BRF:0
BRH:0
end_of_record
TN:
SF:/Users/andrewahn/Desktop/MyEtherWallet/src/dapps/dappsStore.js
FN:13,(anonymous_0)
FNF:1
FNH:0
FNDA:0,(anonymous_0)
DA:7,2
DA:13,2
DA:14,0
DA:15,0
DA:18,2
LF:5
LH:3
BRF:0
BRH:0
end_of_record
TN:
SF:/Users/andrewahn/Desktop/MyEtherWallet/src/dapps/metainfo-dapps.js
FNF:0
FNH:0
LF:0
LH:0
BRF:0
BRH:0
end_of_record
TN:
SF:/Users/andrewahn/Desktop/MyEtherWallet/src/dapps/routes-dapps.js
FN:9,(anonymous_0)
FNF:1
FNH:0
FNDA:0,(anonymous_0)
DA:10,0
LF:1
LH:0
BRF:0
BRH:0
end_of_record
TN:
SF:/Users/andrewahn/Desktop/MyEtherWallet/src/dapps/aave-dapp/Aave.vue
FN:349,(anonymous_1)
FN:375,(anonymous_2)
FN:379,(anonymous_3)
FN:385,(anonymous_4)
FN:391,(anonymous_5)
FN:408,(anonymous_6)
FN:425,(anonymous_7)
FN:442,(anonymous_8)
FN:449,(anonymous_9)
FN:470,(anonymous_10)
FN:477,(anonymous_11)
FN:503,(anonymous_12)
FN:520,(anonymous_13)
FN:553,(anonymous_14)
FN:562,(anonymous_15)
FN:566,(anonymous_16)
FN:567,(anonymous_17)
FN:571,(anonymous_18)
FN:576,(anonymous_19)
FN:577,(anonymous_20)
FN:585,(anonymous_21)
FN:590,(anonymous_22)
FN:591,(anonymous_23)
FN:599,(anonymous_24)
FN:604,(anonymous_25)
FN:605,(anonymous_26)
FN:613,(anonymous_27)
FN:618,(anonymous_28)
FN:619,(anonymous_29)
FN:627,(anonymous_30)
FN:632,(anonymous_31)
FN:633,(anonymous_32)
FN:641,(anonymous_33)
FN:646,(anonymous_34)
FN:650,(anonymous_35)
FN:654,(anonymous_36)
FN:657,(anonymous_37)
FN:661,(anonymous_38)
FN:664,(anonymous_39)
FN:668,(anonymous_40)
FN:672,(anonymous_41)
FN:676,(anonymous_42)
FN:680,(anonymous_43)
FN:684,(anonymous_44)
FN:688,(anonymous_45)
FN:692,(anonymous_46)
FN:696,(anonymous_47)
FN:700,(anonymous_48)
FN:703,(anonymous_49)
FN:706,(anonymous_50)
FN:709,(anonymous_51)
FNF:51
FNH:0
FNDA:0,(anonymous_1)
FNDA:0,(anonymous_2)
FNDA:0,(anonymous_3)
FNDA:0,(anonymous_4)
FNDA:0,(anonymous_5)
FNDA:0,(anonymous_6)
FNDA:0,(anonymous_7)
FNDA:0,(anonymous_8)
FNDA:0,(anonymous_9)
FNDA:0,(anonymous_10)
FNDA:0,(anonymous_11)
FNDA:0,(anonymous_12)
FNDA:0,(anonymous_13)
FNDA:0,(anonymous_14)
FNDA:0,(anonymous_15)
FNDA:0,(anonymous_16)
FNDA:0,(anonymous_17)
FNDA:0,(anonymous_18)
FNDA:0,(anonymous_19)
FNDA:0,(anonymous_20)
FNDA:0,(anonymous_21)
FNDA:0,(anonymous_22)
FNDA:0,(anonymous_23)
FNDA:0,(anonymous_24)
FNDA:0,(anonymous_25)
FNDA:0,(anonymous_26)
FNDA:0,(anonymous_27)
FNDA:0,(anonymous_28)
FNDA:0,(anonymous_29)
FNDA:0,(anonymous_30)
FNDA:0,(anonymous_31)
FNDA:0,(anonymous_32)
FNDA:0,(anonymous_33)
FNDA:0,(anonymous_34)
FNDA:0,(anonymous_35)
FNDA:0,(anonymous_36)
FNDA:0,(anonymous_37)
FNDA:0,(anonymous_38)
FNDA:0,(anonymous_39)
FNDA:0,(anonymous_40)
FNDA:0,(anonymous_41)
FNDA:0,(anonymous_42)
FNDA:0,(anonymous_43)
FNDA:0,(anonymous_44)
FNDA:0,(anonymous_45)
FNDA:0,(anonymous_46)
FNDA:0,(anonymous_47)
FNDA:0,(anonymous_48)
FNDA:0,(anonymous_49)
FNDA:0,(anonymous_50)
FNDA:0,(anonymous_51)
DA:298,0
DA:299,0
DA:300,0
DA:301,0
DA:302,0
DA:303,0
DA:304,0
DA:305,0
DA:306,0
DA:307,0
DA:308,0
DA:309,0
DA:310,0
DA:311,0
DA:312,0
DA:314,0
DA:350,0
DA:376,0
DA:377,0
DA:380,0
DA:381,0
DA:386,0
DA:387,0
DA:392,0
DA:396,0
DA:403,0
DA:409,0
DA:415,0
DA:416,0
DA:420,0
DA:426,0
DA:432,0
DA:433,0
DA:437,0
DA:443,0
DA:448,0
DA:449,0
DA:450,0
DA:454,0
DA:455,0
DA:457,0
DA:462,0
DA:465,0
DA:471,0
DA:476,0
DA:477,0
DA:478,0
DA:482,0
DA:486,0
DA:487,0
DA:490,0
DA:495,0
DA:498,0
DA:504,0
DA:509,0
DA:514,0
DA:520,0
DA:521,0
DA:522,0
DA:526,0
DA:527,0
DA:530,0
DA:531,0
DA:538,0
DA:543,0
DA:546,0
DA:554,0
DA:555,0
DA:557,0
DA:558,0
DA:563,0
DA:567,0
DA:570,0
DA:573,0
DA:577,0
DA:580,0
DA:587,0
DA:591,0
DA:594,0
DA:601,0
DA:605,0
DA:608,0
DA:615,0
DA:619,0
DA:622,0
DA:629,0
DA:633,0
DA:636,0
DA:643,0
DA:647,0
DA:648,0
DA:651,0
DA:652,0
DA:655,0
DA:658,0
DA:659,0
DA:662,0
DA:665,0
DA:666,0
DA:669,0
DA:670,0
DA:673,0
DA:674,0
DA:677,0
DA:678,0
DA:681,0
DA:682,0
DA:685,0
DA:686,0
DA:689,0
DA:690,0
DA:693,0
DA:694,0
DA:697,0
DA:698,0
DA:701,0
DA:702,0
DA:703,0
DA:704,0
DA:706,0
DA:707,0
DA:709,0
DA:710,0
LF:123
LH:0
BRDA:376,0,0,0
BRDA:376,0,1,0
BRDA:380,1,0,0
BRDA:380,1,1,0
BRDA:386,2,0,0
BRDA:386,2,1,0
BRDA:387,3,0,0
BRDA:387,3,1,0
BRDA:392,4,0,0
BRDA:392,4,1,0
BRDA:396,5,0,0
BRDA:396,5,1,0
BRDA:404,6,0,0
BRDA:404,6,1,0
BRDA:405,7,0,0
BRDA:405,7,1,0
BRDA:409,8,0,0
BRDA:409,8,1,0
BRDA:426,9,0,0
BRDA:426,9,1,0
BRDA:443,10,0,0
BRDA:443,10,1,0
BRDA:443,11,0,0
BRDA:443,11,1,0
BRDA:443,11,2,0
BRDA:471,12,0,0
BRDA:471,12,1,0
BRDA:471,13,0,0
BRDA:471,13,1,0
BRDA:471,13,2,0
BRDA:478,14,0,0
BRDA:478,14,1,0
BRDA:478,15,0,0
BRDA:478,15,1,0
BRDA:504,16,0,0
BRDA:504,16,1,0
BRDA:504,17,0,0
BRDA:504,17,1,0
BRDA:504,17,2,0
BRDA:521,18,0,0
BRDA:521,18,1,0
BRDA:530,19,0,0
BRDA:530,19,1,0
BRDA:530,20,0,0
BRDA:530,20,1,0
BRDA:554,21,0,0
BRDA:554,21,1,0
BRF:47
BRH:0
end_of_record
TN:
SF:/Users/andrewahn/Desktop/MyEtherWallet/src/dapps/aave-dapp/apollo-dapps.js
FNF:0
FNH:0
LF:0
LH:0
BRF:0
BRH:0
end_of_record
TN:
SF:/Users/andrewahn/Desktop/MyEtherWallet/src/dapps/aave-dapp/metainfo.js
FNF:0
FNH:0
LF:0
LH:0
BRF:0
BRH:0
end_of_record
TN:
SF:/Users/andrewahn/Desktop/MyEtherWallet/src/dapps/aave-dapp/apollo/configs.js
FNF:0
FNH:0
LF:0
LH:0
BRF:0
BRH:0
end_of_record
TN:
SF:/Users/andrewahn/Desktop/MyEtherWallet/src/dapps/aave-dapp/apollo/queries/queries.js
FN:12,(anonymous_0)
FN:18,(anonymous_1)
FN:31,(anonymous_2)
FN:37,(anonymous_3)
FN:47,(anonymous_4)
FN:53,(anonymous_5)
FN:67,(anonymous_6)
FN:73,(anonymous_7)
FN:86,(anonymous_8)
FNF:9
FNH:0
FNDA:0,(anonymous_0)
FNDA:0,(anonymous_1)
FNDA:0,(anonymous_2)
FNDA:0,(anonymous_3)
FNDA:0,(anonymous_4)
FNDA:0,(anonymous_5)
FNDA:0,(anonymous_6)
FNDA:0,(anonymous_7)
FNDA:0,(anonymous_8)
DA:13,0
DA:14,0
DA:15,0
DA:20,0
DA:29,0
DA:32,0
DA:39,0
DA:45,0
DA:48,0
DA:55,0
DA:65,0
DA:68,0
DA:75,0
DA:84,0
DA:87,0
LF:15
LH:0
BRDA:32,0,0,0
BRDA:32,0,1,0
BRDA:48,1,0,0
BRDA:48,1,1,0
BRDA:68,2,0,0
BRDA:68,2,1,0
BRDA:87,3,0,0
BRDA:87,3,1,0
BRF:8
BRH:0
end_of_record
TN:
SF:/Users/andrewahn/Desktop/MyEtherWallet/src/dapps/aave-dapp/components/AaveAmountForm.vue
FN:92,(anonymous_1)
FN:100,(anonymous_2)
FN:110,(anonymous_3)
FN:116,(anonymous_4)
FN:122,(anonymous_5)
FN:131,(anonymous_6)
FN:139,(anonymous_7)
FN:143,(anonymous_8)
FN:149,(anonymous_9)
FN:152,(anonymous_10)
FN:171,(anonymous_11)
FN:177,(anonymous_12)
FN:180,(anonymous_13)
FN:183,(anonymous_14)
FNF:14
FNH:0
FNDA:0,(anonymous_1)
FNDA:0,(anonymous_2)
FNDA:0,(anonymous_3)
FNDA:0,(anonymous_4)
FNDA:0,(anonymous_5)
FNDA:0,(anonymous_6)
FNDA:0,(anonymous_7)
FNDA:0,(anonymous_8)
FNDA:0,(anonymous_9)
FNDA:0,(anonymous_10)
FNDA:0,(anonymous_11)
FNDA:0,(anonymous_12)
FNDA:0,(anonymous_13)
FNDA:0,(anonymous_14)
DA:86,0
DA:101,0
DA:111,0
DA:117,0
DA:123,0
DA:132,0
DA:140,0
DA:144,0
DA:145,0
DA:150,0
DA:153,0
DA:155,0
DA:156,0
DA:157,0
DA:159,0
DA:160,0
DA:161,0
DA:163,0
DA:164,0
DA:165,0
DA:167,0
DA:168,0
DA:172,0
DA:173,0
DA:174,0
DA:175,0
DA:178,0
DA:181,0
DA:184,0
DA:185,0
LF:30
LH:0
BRDA:144,0,0,0
BRDA:144,0,1,0
BRDA:154,1,0,0
BRDA:154,1,1,0
BRDA:154,1,2,0
BRDA:154,1,3,0
BRDA:174,2,0,0
BRDA:174,2,1,0
BRF:8
BRH:0
end_of_record
TN:
SF:/Users/andrewahn/Desktop/MyEtherWallet/src/dapps/aave-dapp/components/AaveBorrowOverlay.vue
FN:82,(anonymous_1)
FN:93,(anonymous_2)
FN:127,(anonymous_3)
FN:140,(anonymous_4)
FN:147,(anonymous_5)
FN:151,(anonymous_6)
FN:155,(anonymous_7)
FN:158,(anonymous_8)
FN:165,(anonymous_9)
FN:169,(anonymous_10)
FNF:10
FNH:0
FNDA:0,(anonymous_1)
FNDA:0,(anonymous_2)
FNDA:0,(anonymous_3)
FNDA:0,(anonymous_4)
FNDA:0,(anonymous_5)
FNDA:0,(anonymous_6)
FNDA:0,(anonymous_7)
FNDA:0,(anonymous_8)
FNDA:0,(anonymous_9)
FNDA:0,(anonymous_10)
DA:70,0
DA:71,0
DA:72,0
DA:73,0
DA:74,0
DA:75,0
DA:76,0
DA:77,0
DA:83,0
DA:94,0
DA:95,0
DA:98,0
DA:101,0
DA:102,0
DA:105,0
DA:128,0
DA:131,0
DA:133,0
DA:135,0
DA:141,0
DA:142,0
DA:148,0
DA:149,0
DA:152,0
DA:153,0
DA:156,0
DA:159,0
DA:160,0
DA:161,0
DA:162,0
DA:163,0
DA:166,0
DA:167,0
DA:170,0
DA:179,0
DA:180,0
LF:36
LH:0
BRDA:95,0,0,0
BRDA:95,0,1,0
BRDA:98,1,0,0
BRDA:98,1,1,0
BRDA:129,2,0,0
BRDA:129,2,1,0
BRDA:129,2,2,0
BRDA:129,2,3,0
BRDA:141,3,0,0
BRDA:141,3,1,0
BRDA:141,4,0,0
BRDA:141,4,1,0
BRF:12
BRH:0
end_of_record
TN:
SF:/Users/andrewahn/Desktop/MyEtherWallet/src/dapps/aave-dapp/components/AaveCollateralOverlay.vue
FN:25,(anonymous_1)
FN:32,(anonymous_2)
FN:41,(anonymous_3)
FNF:3
FNH:0
FNDA:0,(anonymous_1)
FNDA:0,(anonymous_2)
FNDA:0,(anonymous_3)
DA:18,0
DA:19,0
DA:20,0
DA:21,0
DA:26,0
DA:33,0
DA:42,0
DA:50,0
DA:51,0
LF:9
LH:0
BRDA:33,0,0,0
BRDA:33,0,1,0
BRF:2
BRH:0
end_of_record
TN:
SF:/Users/andrewahn/Desktop/MyEtherWallet/src/dapps/aave-dapp/components/AaveDepositOverlay.vue
FN:71,(anonymous_1)
FN:82,(anonymous_2)
FN:85,(anonymous_3)
FN:92,(anonymous_4)
FN:103,(anonymous_5)
FN:142,(anonymous_6)
FN:149,(anonymous_7)
FN:153,(anonymous_8)
FN:156,(anonymous_9)
FN:160,(anonymous_10)
FN:167,(anonymous_11)
FNF:11
FNH:0
FNDA:0,(anonymous_1)
FNDA:0,(anonymous_2)
FNDA:0,(anonymous_3)
FNDA:0,(anonymous_4)
FNDA:0,(anonymous_5)
FNDA:0,(anonymous_6)
FNDA:0,(anonymous_7)
FNDA:0,(anonymous_8)
FNDA:0,(anonymous_9)
FNDA:0,(anonymous_10)
FNDA:0,(anonymous_11)
DA:60,0
DA:61,0
DA:62,0
DA:63,0
DA:64,0
DA:65,0
DA:66,0
DA:67,0
DA:72,0
DA:83,0
DA:84,0
DA:85,0
DA:86,0
DA:87,0
DA:90,0
DA:93,0
DA:96,0
DA:98,0
DA:100,0
DA:104,0
DA:105,0
DA:109,0
DA:113,0
DA:114,0
DA:117,0
DA:143,0
DA:144,0
DA:150,0
DA:151,0
DA:154,0
DA:157,0
DA:158,0
DA:161,0
DA:162,0
DA:163,0
DA:165,0
DA:168,0
DA:175,0
DA:176,0
LF:39
LH:0
BRDA:84,0,0,0
BRDA:84,0,1,0
BRDA:86,1,0,0
BRDA:86,1,1,0
BRDA:90,2,0,0
BRDA:90,2,1,0
BRDA:94,3,0,0
BRDA:94,3,1,0
BRDA:94,3,2,0
BRDA:94,3,3,0
BRDA:105,4,0,0
BRDA:105,4,1,0
BRDA:143,5,0,0
BRDA:143,5,1,0
BRDA:143,6,0,0
BRDA:143,6,1,0
BRF:16
BRH:0
end_of_record
TN:
SF:/Users/andrewahn/Desktop/MyEtherWallet/src/dapps/aave-dapp/components/AaveRepayOverlay.vue
FN:39,(anonymous_1)
FN:45,(anonymous_2)
FN:49,(anonymous_3)
FN:86,(anonymous_4)
FN:96,(anonymous_5)
FNF:5
FNH:0
FNDA:0,(anonymous_1)
FNDA:0,(anonymous_2)
FNDA:0,(anonymous_3)
FNDA:0,(anonymous_4)
FNDA:0,(anonymous_5)
DA:31,0
DA:32,0
DA:33,0
DA:40,0
DA:46,0
DA:47,0
DA:50,0
DA:51,0
DA:54,0
DA:57,0
DA:58,0
DA:61,0
DA:87,0
DA:93,0
DA:94,0
DA:97,0
DA:98,0
LF:17
LH:0
BRDA:47,0,0,0
BRDA:47,0,1,0
BRDA:51,1,0,0
BRDA:51,1,1,0
BRDA:54,2,0,0
BRDA:54,2,1,0
BRF:6
BRH:0
end_of_record
TN:
SF:/Users/andrewahn/Desktop/MyEtherWallet/src/dapps/aave-dapp/components/AaveSelectInterest.vue
FN:83,(anonymous_1)
FN:86,(anonymous_2)
FN:92,(anonymous_3)
FN:95,(anonymous_4)
FN:115,(anonymous_5)
FN:118,(anonymous_6)
FN:123,(anonymous_7)
FN:126,(anonymous_8)
FN:129,(anonymous_9)
FNF:9
FNH:0
FNDA:0,(anonymous_1)
FNDA:0,(anonymous_2)
FNDA:0,(anonymous_3)
FNDA:0,(anonymous_4)
FNDA:0,(anonymous_5)
FNDA:0,(anonymous_6)
FNDA:0,(anonymous_7)
FNDA:0,(anonymous_8)
FNDA:0,(anonymous_9)
DA:77,0
DA:78,0
DA:87,0
DA:93,0
DA:96,0
DA:103,0
DA:110,0
DA:116,0
DA:119,0
DA:124,0
DA:127,0
DA:130,0
DA:131,0
LF:13
LH:0
BRDA:93,0,0,0
BRDA:93,0,1,0
BRDA:96,1,0,0
BRDA:96,1,1,0
BRDA:103,2,0,0
BRDA:103,2,1,0
BRF:6
BRH:0
end_of_record
TN:
SF:/Users/andrewahn/Desktop/MyEtherWallet/src/dapps/aave-dapp/components/AaveSetAprOverlay.vue
FN:30,(anonymous_1)
FN:36,(anonymous_2)
FNF:2
FNH:0
FNDA:0,(anonymous_1)
FNDA:0,(anonymous_2)
DA:22,0
DA:23,0
DA:24,0
DA:31,0
DA:37,0
DA:38,0
DA:43,0
DA:47,0
DA:49,0
DA:50,0
LF:10
LH:0
BRDA:43,0,0,0
BRDA:43,0,1,0
BRF:2
BRH:0
end_of_record
TN:
SF:/Users/andrewahn/Desktop/MyEtherWallet/src/dapps/aave-dapp/components/AaveSummary.vue
FN:139,(anonymous_1)
FN:140,(anonymous_2)
FN:144,(anonymous_3)
FN:160,(anonymous_4)
FN:163,(anonymous_5)
FN:166,(anonymous_6)
FN:209,(anonymous_7)
FN:212,(anonymous_8)
FN:234,(anonymous_9)
FN:240,(anonymous_10)
FN:248,(anonymous_11)
FN:255,(anonymous_12)
FNF:12
FNH:0
FNDA:0,(anonymous_1)
FNDA:0,(anonymous_2)
FNDA:0,(anonymous_3)
FNDA:0,(anonymous_4)
FNDA:0,(anonymous_5)
FNDA:0,(anonymous_6)
FNDA:0,(anonymous_7)
FNDA:0,(anonymous_8)
FNDA:0,(anonymous_9)
FNDA:0,(anonymous_10)
FNDA:0,(anonymous_11)
FNDA:0,(anonymous_12)
DA:123,0
DA:124,0
DA:129,0
DA:139,0
DA:161,0
DA:164,0
DA:167,0
DA:174,0
DA:180,0
DA:181,0
DA:205,0
DA:207,0
DA:210,0
DA:213,0
DA:214,0
DA:216,0
DA:217,0
DA:218,0
DA:221,0
DA:224,0
DA:231,0
DA:235,0
DA:241,0
DA:249,0
DA:250,0
DA:252,0
DA:256,0
DA:257,0
DA:259,0
LF:29
LH:0
BRDA:139,0,0,0
BRDA:139,0,1,0
BRDA:178,1,0,0
BRDA:178,1,1,0
BRDA:180,2,0,0
BRDA:180,2,1,0
BRDA:186,3,0,0
BRDA:186,3,1,0
BRDA:195,4,0,0
BRDA:195,4,1,0
BRDA:199,5,0,0
BRDA:199,5,1,0
BRDA:217,6,0,0
BRDA:217,6,1,0
BRDA:217,7,0,0
BRDA:217,7,1,0
BRDA:249,8,0,0
BRDA:249,8,1,0
BRDA:256,9,0,0
BRDA:256,9,1,0
BRF:20
BRH:0
end_of_record
TN:
SF:/Users/andrewahn/Desktop/MyEtherWallet/src/dapps/aave-dapp/components/AaveTable.vue
FN:71,(anonymous_1)
FN:72,(anonymous_2)
FN:75,(anonymous_3)
FN:239,(anonymous_4)
FN:254,(anonymous_5)
FN:258,(anonymous_6)
FN:261,(anonymous_7)
FN:269,(anonymous_8)
FN:278,(anonymous_9)
FN:282,(anonymous_10)
FN:293,(anonymous_11)
FN:302,(anonymous_12)
FN:304,(anonymous_13)
FN:311,(anonymous_14)
FN:339,(anonymous_15)
FN:366,(anonymous_16)
FN:389,(anonymous_17)
FN:391,(anonymous_18)
FN:421,(anonymous_19)
FN:435,(anonymous_20)
FN:451,(anonymous_21)
FN:458,(anonymous_22)
FN:465,(anonymous_23)
FN:472,(anonymous_24)
FN:488,(anonymous_25)
FN:496,(anonymous_26)
FN:500,(anonymous_27)
FNF:27
FNH:0
FNDA:0,(anonymous_1)
FNDA:0,(anonymous_2)
FNDA:0,(anonymous_3)
FNDA:0,(anonymous_4)
FNDA:0,(anonymous_5)
FNDA:0,(anonymous_6)
FNDA:0,(anonymous_7)
FNDA:0,(anonymous_8)
FNDA:0,(anonymous_9)
FNDA:0,(anonymous_10)
FNDA:0,(anonymous_11)
FNDA:0,(anonymous_12)
FNDA:0,(anonymous_13)
FNDA:0,(anonymous_14)
FNDA:0,(anonymous_15)
FNDA:0,(anonymous_16)
FNDA:0,(anonymous_17)
FNDA:0,(anonymous_18)
FNDA:0,(anonymous_19)
FNDA:0,(anonymous_20)
FNDA:0,(anonymous_21)
FNDA:0,(anonymous_22)
FNDA:0,(anonymous_23)
FNDA:0,(anonymous_24)
FNDA:0,(anonymous_25)
FNDA:0,(anonymous_26)
FNDA:0,(anonymous_27)
DA:45,0
DA:50,0
DA:51,0
DA:52,0
DA:71,0
DA:76,0
DA:240,0
DA:242,0
DA:244,0
DA:246,0
DA:248,0
DA:255,0
DA:259,0
DA:260,0
DA:261,0
DA:262,0
DA:264,0
DA:266,0
DA:270,0
DA:271,0
DA:275,0
DA:277,0
DA:278,0
DA:282,0
DA:283,0
DA:286,0
DA:294,0
DA:295,0
DA:296,0
DA:297,0
DA:302,0
DA:304,0
DA:305,0
DA:306,0
DA:311,0
DA:315,0
DA:318,0
DA:319,0
DA:322,0
DA:334,0
DA:339,0
DA:340,0
DA:361,0
DA:366,0
DA:367,0
DA:384,0
DA:389,0
DA:390,0
DA:391,0
DA:392,0
DA:394,0
DA:397,0
DA:417,0
DA:419,0
DA:421,0
DA:424,0
DA:432,0
DA:437,0
DA:441,0
DA:442,0
DA:443,0
DA:452,0
DA:459,0
DA:466,0
DA:473,0
DA:489,0
DA:497,0
DA:501,0
LF:68
LH:0
BRDA:71,0,0,0
BRDA:71,0,1,0
BRDA:241,1,0,0
BRDA:241,1,1,0
BRDA:241,1,2,0
BRDA:241,1,3,0
BRDA:259,2,0,0
BRDA:259,2,1,0
BRDA:262,3,0,0
BRDA:262,3,1,0
BRDA:270,4,0,0
BRDA:270,4,1,0
BRDA:271,5,0,0
BRDA:271,5,1,0
BRDA:271,6,0,0
BRDA:271,6,1,0
BRDA:277,7,0,0
BRDA:277,7,1,0
BRDA:294,8,0,0
BRDA:294,8,1,0
BRDA:295,9,0,0
BRDA:295,9,1,0
BRDA:301,10,0,0
BRDA:301,10,1,0
BRDA:301,10,2,0
BRDA:301,10,3,0
BRDA:301,10,4,0
BRDA:305,11,0,0
BRDA:305,11,1,0
BRDA:311,12,0,0
BRDA:311,12,1,0
BRDA:319,13,0,0
BRDA:319,13,1,0
BRDA:324,14,0,0
BRDA:324,14,1,0
BRDA:325,15,0,0
BRDA:325,15,1,0
BRDA:343,16,0,0
BRDA:343,16,1,0
BRDA:394,17,0,0
BRDA:394,17,1,0
BRDA:408,18,0,0
BRDA:408,18,1,0
BRDA:411,19,0,0
BRDA:411,19,1,0
BRDA:421,20,0,0
BRDA:421,20,1,0
BRDA:421,21,0,0
BRDA:421,21,1,0
BRDA:424,22,0,0
BRDA:424,22,1,0
BRDA:437,23,0,0
BRDA:437,23,1,0
BRDA:437,24,0,0
BRDA:437,24,1,0
BRF:55
BRH:0
end_of_record
TN:
SF:/Users/andrewahn/Desktop/MyEtherWallet/src/dapps/aave-dapp/components/AaveWithdrawOverlay.vue
FN:44,(anonymous_1)
FN:47,(anonymous_2)
FN:54,(anonymous_3)
FN:92,(anonymous_4)
FN:103,(anonymous_5)
FNF:5
FNH:0
FNDA:0,(anonymous_1)
FNDA:0,(anonymous_2)
FNDA:0,(anonymous_3)
FNDA:0,(anonymous_4)
FNDA:0,(anonymous_5)
DA:31,0
DA:32,0
DA:33,0
DA:34,0
DA:35,0
DA:45,0
DA:46,0
DA:47,0
DA:48,0
DA:49,0
DA:52,0
DA:55,0
DA:56,0
DA:60,0
DA:63,0
DA:64,0
DA:67,0
DA:93,0
DA:100,0
DA:101,0
DA:104,0
LF:21
LH:0
BRDA:46,0,0,0
BRDA:46,0,1,0
BRDA:48,1,0,0
BRDA:48,1,1,0
BRDA:52,2,0,0
BRDA:52,2,1,0
BRDA:56,3,0,0
BRDA:56,3,1,0
BRF:8
BRH:0
end_of_record
TN:
SF:/Users/andrewahn/Desktop/MyEtherWallet/src/dapps/aave-dapp/handlers/aaveOverlayMixin.js
FN:9,(anonymous_0)
FN:10,(anonymous_1)
FN:13,(anonymous_2)
FN:23,(anonymous_3)
FN:29,(anonymous_4)
FN:37,(anonymous_5)
FN:39,(anonymous_6)
FN:47,(anonymous_7)
FN:50,(anonymous_8)
FN:51,(anonymous_9)
FN:57,(anonymous_10)
FNF:11
FNH:0
FNDA:0,(anonymous_0)
FNDA:0,(anonymous_1)
FNDA:0,(anonymous_2)
FNDA:0,(anonymous_3)
FNDA:0,(anonymous_4)
FNDA:0,(anonymous_5)
FNDA:0,(anonymous_6)
FNDA:0,(anonymous_7)
FNDA:0,(anonymous_8)
FNDA:0,(anonymous_9)
FNDA:0,(anonymous_10)
DA:5,0
DA:9,0
DA:14,0
DA:30,0
DA:35,0
DA:38,0
DA:39,0
DA:40,0
DA:43,0
DA:45,0
DA:48,0
DA:51,0
DA:52,0
DA:53,0
DA:58,0
DA:59,0
LF:16
LH:0
BRDA:9,0,0,0
BRDA:9,0,1,0
BRDA:30,1,0,0
BRDA:30,1,1,0
BRDA:31,2,0,0
BRDA:31,2,1,0
BRDA:38,3,0,0
BRDA:38,3,1,0
BRDA:38,4,0,0
BRDA:38,4,1,0
BRDA:40,5,0,0
BRDA:40,5,1,0
BRDA:48,6,0,0
BRDA:48,6,1,0
BRDA:52,7,0,0
BRDA:52,7,1,0
BRDA:58,8,0,0
BRDA:58,8,1,0
BRF:18
BRH:0
end_of_record
TN:
SF:/Users/andrewahn/Desktop/MyEtherWallet/src/dapps/aave-dapp/handlers/graphQLHelpers.js
FN:1,depositDetails
FN:26,borrowDetails
FN:50,repayDetails
FN:73,swapBorrowRateDetails
FN:97,withdrawDetails
FN:120,setUsageAsCollateralDetails
FN:144,fetchQuery
FN:159,(anonymous_7)
FN:162,(anonymous_8)
FNF:9
FNH:0
FNDA:0,depositDetails
FNDA:0,borrowDetails
FNDA:0,repayDetails
FNDA:0,swapBorrowRateDetails
FNDA:0,withdrawDetails
FNDA:0,setUsageAsCollateralDetails
FNDA:0,fetchQuery
FNDA:0,(anonymous_7)
FNDA:0,(anonymous_8)
DA:2,0
DA:23,0
DA:27,0
DA:47,0
DA:51,0
DA:70,0
DA:74,0
DA:94,0
DA:98,0
DA:117,0
DA:121,0
DA:141,0
DA:145,0
DA:146,0
DA:160,0
DA:163,0
LF:16
LH:0
BRF:0
BRH:0
end_of_record
TN:
SF:/Users/andrewahn/Desktop/MyEtherWallet/src/dapps/aave-dapp/handlers/handlerAave.js
FN:27,(anonymous_0)
FN:49,(anonymous_1)
FN:59,(anonymous_2)
FN:62,(anonymous_3)
FN:65,(anonymous_4)
FN:81,(anonymous_5)
FN:83,(anonymous_6)
FN:86,(anonymous_7)
FN:102,(anonymous_8)
FN:104,(anonymous_9)
FN:107,(anonymous_10)
FN:123,(anonymous_11)
FN:125,(anonymous_12)
FN:128,(anonymous_13)
FN:145,(anonymous_14)
FN:147,(anonymous_15)
FN:150,(anonymous_16)
FN:166,(anonymous_17)
FN:168,(anonymous_18)
FN:171,(anonymous_19)
FN:189,(anonymous_20)
FN:195,(anonymous_21)
FN:212,(anonymous_22)
FN:214,(anonymous_23)
FN:216,(anonymous_24)
FN:224,(anonymous_25)
FN:228,(anonymous_26)
FN:236,(anonymous_27)
FN:243,(anonymous_28)
FN:252,(anonymous_29)
FN:256,(anonymous_30)
FN:257,(anonymous_31)
FN:275,(anonymous_32)
FN:281,(anonymous_33)
FN:282,(anonymous_34)
FN:290,(anonymous_35)
FN:291,(anonymous_36)
FN:303,(anonymous_37)
FN:304,(anonymous_38)
FN:308,(anonymous_39)
FNF:40
FNH:0
FNDA:0,(anonymous_0)
FNDA:0,(anonymous_1)
FNDA:0,(anonymous_2)
FNDA:0,(anonymous_3)
FNDA:0,(anonymous_4)
FNDA:0,(anonymous_5)
FNDA:0,(anonymous_6)
FNDA:0,(anonymous_7)
FNDA:0,(anonymous_8)
FNDA:0,(anonymous_9)
FNDA:0,(anonymous_10)
FNDA:0,(anonymous_11)
FNDA:0,(anonymous_12)
FNDA:0,(anonymous_13)
FNDA:0,(anonymous_14)
FNDA:0,(anonymous_15)
FNDA:0,(anonymous_16)
FNDA:0,(anonymous_17)
FNDA:0,(anonymous_18)
FNDA:0,(anonymous_19)
FNDA:0,(anonymous_20)
FNDA:0,(anonymous_21)
FNDA:0,(anonymous_22)
FNDA:0,(anonymous_23)
FNDA:0,(anonymous_24)
FNDA:0,(anonymous_25)
FNDA:0,(anonymous_26)
FNDA:0,(anonymous_27)
FNDA:0,(anonymous_28)
FNDA:0,(anonymous_29)
FNDA:0,(anonymous_30)
FNDA:0,(anonymous_31)
FNDA:0,(anonymous_32)
FNDA:0,(anonymous_33)
FNDA:0,(anonymous_34)
FNDA:0,(anonymous_35)
FNDA:0,(anonymous_36)
FNDA:0,(anonymous_37)
FNDA:0,(anonymous_38)
FNDA:0,(anonymous_39)
DA:24,0
DA:28,0
DA:29,0
DA:30,0
DA:31,0
DA:32,0
DA:33,0
DA:34,0
DA:35,0
DA:36,0
DA:37,0
DA:38,0
DA:39,0
DA:40,0
DA:42,0
DA:43,0
DA:44,0
DA:45,0
DA:46,0
DA:50,0
DA:51,0
DA:52,0
DA:54,0
DA:56,0
DA:60,0
DA:61,0
DA:62,0
DA:63,0
DA:64,0
DA:65,0
DA:66,0
DA:68,0
DA:70,0
DA:71,0
DA:77,0
DA:82,0
DA:83,0
DA:84,0
DA:85,0
DA:86,0
DA:87,0
DA:89,0
DA:91,0
DA:92,0
DA:98,0
DA:103,0
DA:104,0
DA:105,0
DA:106,0
DA:107,0
DA:108,0
DA:110,0
DA:112,0
DA:113,0
DA:119,0
DA:124,0
DA:125,0
DA:126,0
DA:127,0
DA:128,0
DA:129,0
DA:132,0
DA:133,0
DA:138,0
DA:141,0
DA:146,0
DA:147,0
DA:148,0
DA:149,0
DA:150,0
DA:151,0
DA:153,0
DA:155,0
DA:156,0
DA:162,0
DA:167,0
DA:168,0
DA:169,0
DA:170,0
DA:171,0
DA:172,0
DA:174,0
DA:176,0
DA:177,0
DA:183,0
DA:190,0
DA:196,0
DA:201,0
DA:208,0
DA:213,0
DA:214,0
DA:215,0
DA:216,0
DA:218,0
DA:221,0
DA:225,0
DA:226,0
DA:227,0
DA:228,0
DA:229,0
DA:230,0
DA:231,0
DA:232,0
DA:235,0
DA:236,0
DA:238,0
DA:239,0
DA:242,0
DA:243,0
DA:244,0
DA:249,0
DA:253,0
DA:254,0
DA:255,0
DA:256,0
DA:257,0
DA:258,0
DA:259,0
DA:260,0
DA:265,0
DA:272,0
DA:276,0
DA:277,0
DA:278,0
DA:282,0
DA:283,0
DA:284,0
DA:286,0
DA:287,0
DA:291,0
DA:292,0
DA:293,0
DA:295,0
DA:296,0
DA:297,0
DA:304,0
DA:305,0
DA:306,0
DA:308,0
DA:309,0
DA:312,0
DA:314,0
DA:319,0
DA:326,0
LF:144
LH:0
BRDA:50,0,0,0
BRDA:50,0,1,0
BRDA:51,1,0,0
BRDA:51,1,1,0
BRDA:64,2,0,0
BRDA:64,2,1,0
BRDA:70,3,0,0
BRDA:70,3,1,0
BRDA:85,4,0,0
BRDA:85,4,1,0
BRDA:91,5,0,0
BRDA:91,5,1,0
BRDA:106,6,0,0
BRDA:106,6,1,0
BRDA:112,7,0,0
BRDA:112,7,1,0
BRDA:127,8,0,0
BRDA:127,8,1,0
BRDA:132,9,0,0
BRDA:132,9,1,0
BRDA:149,10,0,0
BRDA:149,10,1,0
BRDA:155,11,0,0
BRDA:155,11,1,0
BRDA:170,12,0,0
BRDA:170,12,1,0
BRDA:176,13,0,0
BRDA:176,13,1,0
BRDA:196,14,0,0
BRDA:196,14,1,0
BRDA:197,15,0,0
BRDA:197,15,1,0
BRDA:197,15,2,0
BRDA:213,16,0,0
BRDA:213,16,1,0
BRDA:227,17,0,0
BRDA:227,17,1,0
BRDA:230,18,0,0
BRDA:230,18,1,0
BRDA:231,19,0,0
BRDA:231,19,1,0
BRDA:238,20,0,0
BRDA:238,20,1,0
BRDA:242,21,0,0
BRDA:242,21,1,0
BRDA:243,22,0,0
BRDA:243,22,1,0
BRDA:305,23,0,0
BRDA:305,23,1,0
BRDA:309,24,0,0
BRDA:309,24,1,0
BRDA:314,25,0,0
BRDA:314,25,1,0
BRDA:315,26,0,0
BRDA:315,26,1,0
BRDA:319,27,0,0
BRDA:319,27,1,0
BRDA:320,28,0,0
BRDA:320,28,1,0
BRDA:322,29,0,0
BRDA:322,29,1,0
BRDA:326,30,0,0
BRDA:326,30,1,0
BRDA:328,31,0,0
BRDA:328,31,1,0
BRF:65
BRH:0
end_of_record
TN:
SF:/Users/andrewahn/Desktop/MyEtherWallet/src/dapps/aave-dapp/handlers/helpers.js
FN:3,(anonymous_0)
FN:9,(anonymous_1)
FN:10,(anonymous_2)
FN:17,(anonymous_3)
FN:34,(anonymous_4)
FN:38,(anonymous_5)
FN:65,(anonymous_6)
FNF:7
FNH:0
FNDA:0,(anonymous_0)
FNDA:0,(anonymous_1)
FNDA:0,(anonymous_2)
FNDA:0,(anonymous_3)
FNDA:0,(anonymous_4)
FNDA:0,(anonymous_5)
FNDA:0,(anonymous_6)
DA:3,0
DA:4,0
DA:5,0
DA:9,0
DA:10,0
DA:11,0
DA:17,0
DA:18,0
DA:19,0
DA:22,0
DA:23,0
DA:26,0
DA:34,0
DA:35,0
DA:38,0
DA:39,0
DA:40,0
DA:41,0
DA:46,0
DA:47,0
DA:54,0
DA:55,0
DA:62,0
DA:65,0
DA:66,0
DA:67,0
DA:68,0
DA:69,0
DA:70,0
DA:73,0
DA:74,0
DA:78,0
DA:79,0
DA:83,0
DA:84,0
DA:88,0
DA:89,0
DA:93,0
DA:94,0
DA:98,0
DA:99,0
DA:106,0
DA:107,0
DA:109,0
DA:112,0
DA:119,0
DA:129,0
LF:47
LH:0
BRDA:4,0,0,0
BRDA:4,0,1,0
BRDA:11,1,0,0
BRDA:11,1,1,0
BRDA:18,2,0,0
BRDA:18,2,1,0
BRDA:18,3,0,0
BRDA:18,3,1,0
BRDA:22,4,0,0
BRDA:22,4,1,0
BRDA:40,5,0,0
BRDA:40,5,1,0
BRDA:46,6,0,0
BRDA:46,6,1,0
BRDA:47,7,0,0
BRDA:47,7,1,0
BRDA:54,8,0,0
BRDA:54,8,1,0
BRDA:73,9,0,0
BRDA:73,9,1,0
BRDA:78,10,0,0
BRDA:78,10,1,0
BRDA:83,11,0,0
BRDA:83,11,1,0
BRDA:88,12,0,0
BRDA:88,12,1,0
BRDA:93,13,0,0
BRDA:93,13,1,0
BRDA:98,14,0,0
BRDA:98,14,1,0
BRDA:106,15,0,0
BRDA:106,15,1,0
BRF:32
BRH:0
end_of_record
TN:
SF:/Users/andrewahn/Desktop/MyEtherWallet/src/dapps/ens-manager-dapp/TheENSManagerLayout.vue
FN:317,(anonymous_1)
FN:415,(anonymous_2)
FN:421,(anonymous_3)
FN:425,(anonymous_4)
FN:431,(anonymous_5)
FN:438,(anonymous_6)
FN:448,(anonymous_7)
FN:455,(anonymous_8)
FN:458,(anonymous_9)
FN:461,(anonymous_10)
FN:464,(anonymous_11)
FN:467,(anonymous_12)
FN:475,(anonymous_13)
FN:480,(anonymous_14)
FN:491,(anonymous_15)
FN:498,(anonymous_16)
FN:502,(anonymous_17)
FN:505,(anonymous_18)
FN:523,(anonymous_19)
FN:530,(anonymous_20)
FN:540,(anonymous_21)
FN:543,(anonymous_22)
FN:549,(anonymous_23)
FN:561,(anonymous_24)
FN:564,(anonymous_25)
FN:567,(anonymous_26)
FN:573,(anonymous_27)
FN:578,(anonymous_28)
FN:579,(anonymous_29)
FN:582,(anonymous_30)
FN:594,(anonymous_31)
FN:599,(anonymous_32)
FN:603,(anonymous_33)
FN:604,(anonymous_34)
FN:607,(anonymous_35)
FN:610,(anonymous_36)
FN:616,(anonymous_37)
FN:617,(anonymous_38)
FN:625,(anonymous_39)
FN:626,(anonymous_40)
FN:634,(anonymous_41)
FN:635,(anonymous_42)
FN:643,(anonymous_43)
FN:645,(anonymous_44)
FN:649,(anonymous_45)
FN:654,(anonymous_46)
FN:659,(anonymous_47)
FN:661,(anonymous_48)
FN:665,(anonymous_49)
FN:674,(anonymous_50)
FN:681,(anonymous_51)
FN:689,(anonymous_52)
FN:703,(anonymous_53)
FN:704,(anonymous_54)
FN:709,(anonymous_55)
FN:711,(anonymous_56)
FN:714,(anonymous_57)
FN:719,(anonymous_58)
FN:721,(anonymous_59)
FN:724,(anonymous_60)
FN:728,(anonymous_61)
FN:732,(anonymous_62)
FN:736,(anonymous_63)
FN:741,(anonymous_64)
FN:746,(anonymous_65)
FN:750,(anonymous_66)
FNF:66
FNH:0
FNDA:0,(anonymous_1)
FNDA:0,(anonymous_2)
FNDA:0,(anonymous_3)
FNDA:0,(anonymous_4)
FNDA:0,(anonymous_5)
FNDA:0,(anonymous_6)
FNDA:0,(anonymous_7)
FNDA:0,(anonymous_8)
FNDA:0,(anonymous_9)
FNDA:0,(anonymous_10)
FNDA:0,(anonymous_11)
FNDA:0,(anonymous_12)
FNDA:0,(anonymous_13)
FNDA:0,(anonymous_14)
FNDA:0,(anonymous_15)
FNDA:0,(anonymous_16)
FNDA:0,(anonymous_17)
FNDA:0,(anonymous_18)
FNDA:0,(anonymous_19)
FNDA:0,(anonymous_20)
FNDA:0,(anonymous_21)
FNDA:0,(anonymous_22)
FNDA:0,(anonymous_23)
FNDA:0,(anonymous_24)
FNDA:0,(anonymous_25)
FNDA:0,(anonymous_26)
FNDA:0,(anonymous_27)
FNDA:0,(anonymous_28)
FNDA:0,(anonymous_29)
FNDA:0,(anonymous_30)
FNDA:0,(anonymous_31)
FNDA:0,(anonymous_32)
FNDA:0,(anonymous_33)
FNDA:0,(anonymous_34)
FNDA:0,(anonymous_35)
FNDA:0,(anonymous_36)
FNDA:0,(anonymous_37)
FNDA:0,(anonymous_38)
FNDA:0,(anonymous_39)
FNDA:0,(anonymous_40)
FNDA:0,(anonymous_41)
FNDA:0,(anonymous_42)
FNDA:0,(anonymous_43)
FNDA:0,(anonymous_44)
FNDA:0,(anonymous_45)
FNDA:0,(anonymous_46)
FNDA:0,(anonymous_47)
FNDA:0,(anonymous_48)
FNDA:0,(anonymous_49)
FNDA:0,(anonymous_50)
FNDA:0,(anonymous_51)
FNDA:0,(anonymous_52)
FNDA:0,(anonymous_53)
FNDA:0,(anonymous_54)
FNDA:0,(anonymous_55)
FNDA:0,(anonymous_56)
FNDA:0,(anonymous_57)
FNDA:0,(anonymous_58)
FNDA:0,(anonymous_59)
FNDA:0,(anonymous_60)
FNDA:0,(anonymous_61)
FNDA:0,(anonymous_62)
FNDA:0,(anonymous_63)
FNDA:0,(anonymous_64)
FNDA:0,(anonymous_65)
FNDA:0,(anonymous_66)
DA:289,0
DA:290,0
DA:291,0
DA:292,0
DA:293,0
DA:294,0
DA:295,0
DA:296,0
DA:297,0
DA:298,0
DA:299,0
DA:300,0
DA:301,0
DA:302,0
DA:303,0
DA:304,0
DA:305,0
DA:306,0
DA:318,0
DA:416,0
DA:417,0
DA:419,0
DA:422,0
DA:423,0
DA:426,0
DA:427,0
DA:429,0
DA:432,0
DA:439,0
DA:449,0
DA:450,0
DA:451,0
DA:453,0
DA:456,0
DA:459,0
DA:462,0
DA:465,0
DA:468,0
DA:476,0
DA:481,0
DA:482,0
DA:492,0
DA:493,0
DA:494,0
DA:496,0
DA:499,0
DA:503,0
DA:509,0
DA:511,0
DA:514,0
DA:522,0
DA:523,0
DA:524,0
DA:525,0
DA:526,0
DA:531,0
DA:532,0
DA:533,0
DA:534,0
DA:535,0
DA:537,0
DA:541,0
DA:544,0
DA:545,0
DA:546,0
DA:550,0
DA:551,0
DA:558,0
DA:562,0
DA:565,0
DA:568,0
DA:574,0
DA:575,0
DA:576,0
DA:579,0
DA:582,0
DA:583,0
DA:584,0
DA:585,0
DA:586,0
DA:593,0
DA:596,0
DA:600,0
DA:601,0
DA:604,0
DA:607,0
DA:608,0
DA:612,0
DA:614,0
DA:617,0
DA:621,0
DA:623,0
DA:626,0
DA:630,0
DA:632,0
DA:635,0
DA:639,0
DA:641,0
DA:644,0
DA:645,0
DA:648,0
DA:651,0
DA:652,0
DA:653,0
DA:656,0
DA:660,0
DA:661,0
DA:664,0
DA:667,0
DA:669,0
DA:675,0
DA:676,0
DA:678,0
DA:682,0
DA:683,0
DA:684,0
DA:685,0
DA:686,0
DA:687,0
DA:690,0
DA:691,0
DA:692,0
DA:694,0
DA:695,0
DA:697,0
DA:700,0
DA:704,0
DA:707,0
DA:708,0
DA:711,0
DA:712,0
DA:716,0
DA:721,0
DA:724,0
DA:725,0
DA:726,0
DA:730,0
DA:731,0
DA:732,0
DA:733,0
DA:734,0
DA:738,0
DA:742,0
DA:743,0
DA:747,0
DA:750,0
DA:751,0
DA:752,0
DA:753,0
LF:149
LH:0
BRDA:416,0,0,0
BRDA:416,0,1,0
BRDA:422,1,0,0
BRDA:422,1,1,0
BRDA:426,2,0,0
BRDA:426,2,1,0
BRDA:432,3,0,0
BRDA:432,3,1,0
BRDA:432,3,2,0
BRDA:439,4,0,0
BRDA:439,4,1,0
BRDA:439,5,0,0
BRDA:439,5,1,0
BRDA:439,5,2,0
BRDA:450,6,0,0
BRDA:450,6,1,0
BRDA:465,7,0,0
BRDA:465,7,1,0
BRDA:468,8,0,0
BRDA:468,8,1,0
BRDA:468,8,2,0
BRDA:468,8,3,0
BRDA:481,9,0,0
BRDA:481,9,1,0
BRDA:493,10,0,0
BRDA:493,10,1,0
BRDA:511,11,0,0
BRDA:511,11,1,0
BRDA:532,12,0,0
BRDA:532,12,1,0
BRDA:534,13,0,0
BRDA:534,13,1,0
BRDA:544,14,0,0
BRDA:544,14,1,0
BRDA:585,15,0,0
BRDA:585,15,1,0
BRDA:586,16,0,0
BRDA:586,16,1,0
BRDA:691,17,0,0
BRDA:691,17,1,0
BRDA:691,18,0,0
BRDA:691,18,1,0
BRDA:697,19,0,0
BRDA:697,19,1,0
BRDA:742,20,0,0
BRDA:742,20,1,0
BRDA:747,21,0,0
BRDA:747,21,1,0
BRDA:751,22,0,0
BRDA:751,22,1,0
BRF:50
BRH:0
end_of_record
TN:
SF:/Users/andrewahn/Desktop/MyEtherWallet/src/dapps/ens-manager-dapp/configsRoutes.js
FN:20,(anonymous_0)
FNF:1
FNH:0
FNDA:0,(anonymous_0)
DA:1,0
DA:20,0
DA:21,0
DA:26,0
DA:27,0
DA:32,0
DA:33,0
DA:38,0
LF:8
LH:0
BRDA:21,0,0,0
BRDA:21,0,1,0
BRDA:23,1,0,0
BRDA:23,1,1,0
BRDA:27,2,0,0
BRDA:27,2,1,0
BRDA:29,3,0,0
BRDA:29,3,1,0
BRDA:33,4,0,0
BRDA:33,4,1,0
BRDA:35,5,0,0
BRDA:35,5,1,0
BRF:12
BRH:0
end_of_record
TN:
SF:/Users/andrewahn/Desktop/MyEtherWallet/src/dapps/ens-manager-dapp/metainfo.js
FNF:0
FNH:0
LF:0
LH:0
BRF:0
BRH:0
end_of_record
TN:
SF:/Users/andrewahn/Desktop/MyEtherWallet/src/dapps/ens-manager-dapp/components/claim/ClaimBalance.vue
FN:109,(anonymous_1)
FN:112,(anonymous_2)
FN:115,(anonymous_3)
FN:118,(anonymous_4)
FN:127,(anonymous_5)
FN:134,(anonymous_6)
FNF:6
FNH:0
FNDA:0,(anonymous_1)
FNDA:0,(anonymous_2)
FNDA:0,(anonymous_3)
FNDA:0,(anonymous_4)
FNDA:0,(anonymous_5)
FNDA:0,(anonymous_6)
DA:94,0
DA:110,0
DA:113,0
DA:116,0
DA:119,0
DA:120,0
DA:122,0
DA:123,0
DA:125,0
DA:128,0
DA:129,0
DA:132,0
DA:135,0
LF:13
LH:0
BRDA:113,0,0,0
BRDA:113,0,1,0
BRDA:119,1,0,0
BRDA:119,1,1,0
BRDA:122,2,0,0
BRDA:122,2,1,0
BRDA:128,3,0,0
BRDA:128,3,1,0
BRDA:135,4,0,0
BRDA:135,4,1,0
BRF:10
BRH:0
end_of_record
TN:
SF:/Users/andrewahn/Desktop/MyEtherWallet/src/dapps/ens-manager-dapp/components/manage/ManageMulticoins.vue
FN:31,(anonymous_1)
FN:41,(anonymous_2)
FN:54,(anonymous_3)
FN:57,(anonymous_4)
FN:58,(anonymous_5)
FN:64,(anonymous_6)
FN:65,(anonymous_7)
FN:74,(anonymous_8)
FN:87,(anonymous_9)
FN:97,(anonymous_10)
FN:99,(anonymous_11)
FN:104,(anonymous_12)
FNF:12
FNH:0
FNDA:0,(anonymous_1)
FNDA:0,(anonymous_2)
FNDA:0,(anonymous_3)
FNDA:0,(anonymous_4)
FNDA:0,(anonymous_5)
FNDA:0,(anonymous_6)
FNDA:0,(anonymous_7)
FNDA:0,(anonymous_8)
FNDA:0,(anonymous_9)
FNDA:0,(anonymous_10)
FNDA:0,(anonymous_11)
FNDA:0,(anonymous_12)
DA:26,0
DA:27,0
DA:32,0
DA:42,0
DA:43,0
DA:44,0
DA:45,0
DA:46,0
DA:48,0
DA:55,0
DA:58,0
DA:60,0
DA:65,0
DA:66,0
DA:69,0
DA:75,0
DA:76,0
DA:77,0
DA:78,0
DA:88,0
DA:89,0
DA:90,0
DA:94,0
DA:99,0
DA:101,0
DA:102,0
DA:103,0
DA:106,0
DA:113,0
DA:114,0
DA:116,0
LF:31
LH:0
BRDA:60,0,0,0
BRDA:60,0,1,0
BRDA:66,1,0,0
BRDA:66,1,1,0
BRDA:69,2,0,0
BRDA:69,2,1,0
BRDA:75,3,0,0
BRDA:75,3,1,0
BRDA:89,4,0,0
BRDA:89,4,1,0
BRDA:89,5,0,0
BRDA:89,5,1,0
BRDA:106,6,0,0
BRDA:106,6,1,0
BRDA:106,7,0,0
BRDA:106,7,1,0
BRDA:106,7,2,0
BRDA:113,8,0,0
BRDA:113,8,1,0
BRF:19
BRH:0
end_of_record
TN:
SF:/Users/andrewahn/Desktop/MyEtherWallet/src/dapps/ens-manager-dapp/components/manage/ManageRenew.vue
FN:32,(anonymous_1)
FN:38,(anonymous_2)
FN:44,(anonymous_3)
FN:52,(anonymous_4)
FN:63,(anonymous_5)
FN:67,(anonymous_6)
FN:68,(anonymous_7)
FN:75,(anonymous_8)
FNF:8
FNH:0
FNDA:0,(anonymous_1)
FNDA:0,(anonymous_2)
FNDA:0,(anonymous_3)
FNDA:0,(anonymous_4)
FNDA:0,(anonymous_5)
FNDA:0,(anonymous_6)
FNDA:0,(anonymous_7)
FNDA:0,(anonymous_8)
DA:25,0
DA:33,0
DA:39,0
DA:45,0
DA:53,0
DA:54,0
DA:55,0
DA:60,0
DA:64,0
DA:68,0
DA:69,0
DA:70,0
DA:71,0
DA:76,0
DA:77,0
LF:15
LH:0
BRDA:56,0,0,0
BRDA:56,0,1,0
BRDA:69,1,0,0
BRDA:69,1,1,0
BRF:4
BRH:0
end_of_record
TN:
SF:/Users/andrewahn/Desktop/MyEtherWallet/src/dapps/ens-manager-dapp/components/manage/ManageTransfer.vue
FN:26,(anonymous_1)
FN:36,(anonymous_2)
FN:46,(anonymous_3)
FN:51,(anonymous_4)
FN:58,(anonymous_5)
FN:66,(anonymous_6)
FNF:6
FNH:0
FNDA:0,(anonymous_1)
FNDA:0,(anonymous_2)
FNDA:0,(anonymous_3)
FNDA:0,(anonymous_4)
FNDA:0,(anonymous_5)
FNDA:0,(anonymous_6)
DA:16,0
DA:17,0
DA:18,0
DA:19,0
DA:27,0
DA:37,0
DA:47,0
DA:48,0
DA:52,0
DA:53,0
DA:54,0
DA:55,0
DA:56,0
DA:58,0
DA:61,0
DA:62,0
DA:63,0
DA:64,0
DA:68,0
LF:19
LH:0
BRDA:54,0,0,0
BRDA:54,0,1,0
BRDA:62,1,0,0
BRDA:62,1,1,0
BRDA:63,2,0,0
BRDA:63,2,1,0
BRF:6
BRH:0
end_of_record
TN:
SF:/Users/andrewahn/Desktop/MyEtherWallet/src/dapps/ens-manager-dapp/components/manage/ManageTxtRecords.vue
FN:33,(anonymous_1)
FN:43,(anonymous_2)
FN:46,(anonymous_3)
FN:56,(anonymous_4)
FN:57,(anonymous_5)
FN:63,(anonymous_6)
FN:66,(anonymous_7)
FN:72,(anonymous_8)
FN:73,(anonymous_9)
FN:83,(anonymous_10)
FN:95,(anonymous_11)
FN:97,(anonymous_12)
FN:105,(anonymous_13)
FNF:13
FNH:0
FNDA:0,(anonymous_1)
FNDA:0,(anonymous_2)
FNDA:0,(anonymous_3)
FNDA:0,(anonymous_4)
FNDA:0,(anonymous_5)
FNDA:0,(anonymous_6)
FNDA:0,(anonymous_7)
FNDA:0,(anonymous_8)
FNDA:0,(anonymous_9)
FNDA:0,(anonymous_10)
FNDA:0,(anonymous_11)
FNDA:0,(anonymous_12)
FNDA:0,(anonymous_13)
DA:26,0
DA:27,0
DA:28,0
DA:34,0
DA:44,0
DA:45,0
DA:46,0
DA:47,0
DA:48,0
DA:50,0
DA:57,0
DA:59,0
DA:64,0
DA:67,0
DA:73,0
DA:74,0
DA:75,0
DA:84,0
DA:85,0
DA:86,0
DA:92,0
DA:96,0
DA:97,0
DA:100,0
DA:107,0
DA:109,0
DA:110,0
DA:112,0
LF:28
LH:0
BRDA:59,0,0,0
BRDA:59,0,1,0
BRDA:64,1,0,0
BRDA:64,1,1,0
BRDA:85,2,0,0
BRDA:85,2,1,0
BRDA:86,3,0,0
BRDA:86,3,1,0
BRDA:100,4,0,0
BRDA:100,4,1,0
BRDA:109,5,0,0
BRDA:109,5,1,0
BRF:12
BRH:0
end_of_record
TN:
SF:/Users/andrewahn/Desktop/MyEtherWallet/src/dapps/ens-manager-dapp/components/manage/ManageUploadWebsite.vue
FN:54,(anonymous_1)
FN:64,(anonymous_2)
FN:74,(anonymous_3)
FN:81,(anonymous_4)
FN:87,(anonymous_5)
FN:90,(anonymous_6)
FN:95,(anonymous_7)
FN:102,(anonymous_8)
FN:125,(anonymous_9)
FNF:9
FNH:0
FNDA:0,(anonymous_1)
FNDA:0,(anonymous_2)
FNDA:0,(anonymous_3)
FNDA:0,(anonymous_4)
FNDA:0,(anonymous_5)
FNDA:0,(anonymous_6)
FNDA:0,(anonymous_7)
FNDA:0,(anonymous_8)
FNDA:0,(anonymous_9)
DA:48,0
DA:49,0
DA:55,0
DA:65,0
DA:75,0
DA:82,0
DA:83,0
DA:88,0
DA:91,0
DA:96,0
DA:102,0
DA:103,0
DA:108,0
DA:109,0
DA:110,0
DA:111,0
DA:113,0
DA:114,0
DA:115,0
DA:116,0
DA:118,0
DA:119,0
DA:120,0
DA:121,0
DA:123,0
DA:126,0
DA:127,0
DA:131,0
LF:28
LH:0
BRDA:76,0,0,0
BRDA:76,0,1,0
BRDA:82,1,0,0
BRDA:82,1,1,0
BRDA:91,2,0,0
BRDA:91,2,1,0
BRDA:103,3,0,0
BRDA:103,3,1,0
BRDA:108,4,0,0
BRDA:108,4,1,0
BRDA:113,5,0,0
BRDA:113,5,1,0
BRDA:118,6,0,0
BRDA:118,6,1,0
BRDA:126,7,0,0
BRDA:126,7,1,0
BRDA:127,8,0,0
BRDA:127,8,1,0
BRF:18
BRH:0
end_of_record
TN:
SF:/Users/andrewahn/Desktop/MyEtherWallet/src/dapps/ens-manager-dapp/components/register/Register.vue
FN:82,(anonymous_1)
FN:88,(anonymous_2)
FN:94,(anonymous_3)
FN:97,(anonymous_4)
FN:102,(anonymous_5)
FN:105,(anonymous_6)
FN:111,(anonymous_7)
FN:135,(anonymous_8)
FNF:8
FNH:0
FNDA:0,(anonymous_1)
FNDA:0,(anonymous_2)
FNDA:0,(anonymous_3)
FNDA:0,(anonymous_4)
FNDA:0,(anonymous_5)
FNDA:0,(anonymous_6)
FNDA:0,(anonymous_7)
FNDA:0,(anonymous_8)
DA:83,0
DA:89,0
DA:95,0
DA:103,0
DA:106,0
DA:107,0
DA:108,0
DA:109,0
DA:110,0
DA:111,0
DA:112,0
DA:113,0
DA:114,0
DA:117,0
DA:118,0
DA:121,0
DA:122,0
DA:126,0
DA:127,0
DA:128,0
DA:129,0
DA:131,0
DA:136,0
LF:23
LH:0
BRDA:103,0,0,0
BRDA:103,0,1,0
BRDA:106,1,0,0
BRDA:106,1,1,0
BRDA:110,2,0,0
BRDA:110,2,1,0
BRDA:118,3,0,0
BRDA:118,3,1,0
BRDA:121,4,0,0
BRDA:121,4,1,0
BRDA:126,5,0,0
BRDA:126,5,1,0
BRF:12
BRH:0
end_of_record
TN:
SF:/Users/andrewahn/Desktop/MyEtherWallet/src/dapps/ens-manager-dapp/components/register/RegisterRequest.vue
FN:51,(anonymous_1)
FN:65,(anonymous_2)
FN:73,(anonymous_3)
FN:84,(anonymous_4)
FN:88,(anonymous_5)
FN:90,(anonymous_6)
FN:98,(anonymous_7)
FN:101,(anonymous_8)
FNF:8
FNH:0
FNDA:0,(anonymous_1)
FNDA:0,(anonymous_2)
FNDA:0,(anonymous_3)
FNDA:0,(anonymous_4)
FNDA:0,(anonymous_5)
FNDA:0,(anonymous_6)
FNDA:0,(anonymous_7)
FNDA:0,(anonymous_8)
DA:42,0
DA:52,0
DA:66,0
DA:74,0
DA:75,0
DA:76,0
DA:81,0
[...]
FN:159,(anonymous_1)
FN:173,(anonymous_2)
FN:177,(anonymous_3)
FN:181,(anonymous_4)
FN:185,(anonymous_5)
FN:189,(anonymous_6)
FN:190,(anonymous_7)
FN:205,(anonymous_8)
FN:214,(anonymous_9)
FNF:9
FNH:0
FNDA:0,(anonymous_1)
FNDA:0,(anonymous_2)
FNDA:0,(anonymous_3)
FNDA:0,(anonymous_4)
FNDA:0,(anonymous_5)
FNDA:0,(anonymous_6)
FNDA:0,(anonymous_7)
FNDA:0,(anonymous_8)
FNDA:0,(anonymous_9)
DA:70,0
DA:71,0
DA:72,0
DA:73,0
DA:74,0
DA:75,0
DA:77,0
DA:160,0
DA:174,0
DA:178,0
DA:182,0
DA:183,0
DA:186,0
DA:187,0
DA:188,0
DA:189,0
DA:190,0
DA:191,0
DA:195,0
DA:197,0
DA:200,0
DA:201,0
DA:202,0
DA:206,0
DA:212,0
DA:215,0
DA:216,0
DA:217,0
DA:219,0
DA:222,0
DA:224,0
LF:31
LH:0
BRDA:191,0,0,0
BRDA:191,0,1,0
BRDA:216,1,0,0
BRDA:216,1,1,0
BRDA:219,2,0,0
BRDA:219,2,1,0
BRF:6
BRH:0
end_of_record
TN:
SF:/Users/andrewahn/Desktop/MyEtherWallet/src/views/components-default/HomeFeaturesTokens.vue
FN:36,(anonymous_1)
FNF:1
FNH:0
FNDA:0,(anonymous_1)
DA:31,0
DA:36,0
LF:2
LH:0
BRF:0
BRH:0
end_of_record
TN:
SF:/Users/andrewahn/Desktop/MyEtherWallet/src/views/components-default/HomeLanding.vue
FN:111,(anonymous_1)
FN:114,(anonymous_2)
FN:115,(anonymous_3)
FNF:3
FNH:0
FNDA:0,(anonymous_1)
FNDA:0,(anonymous_2)
FNDA:0,(anonymous_3)
DA:104,0
DA:105,0
DA:112,0
DA:115,0
DA:116,0
LF:5
LH:0
BRF:0
BRH:0
end_of_record
TN:
SF:/Users/andrewahn/Desktop/MyEtherWallet/src/views/components-default/HomeSocials.vue
FN:40,(anonymous_1)
FNF:1
FNH:0
FNDA:0,(anonymous_1)
DA:40,0
LF:1
LH:0
BRF:0
BRH:0
end_of_record
TN:
SF:/Users/andrewahn/Desktop/MyEtherWallet/src/views/components-default/HomeWhyMew.vue
FN:161,(anonymous_1)
FNF:1
FNH:0
FNDA:0,(anonymous_1)
DA:161,0
LF:1
LH:0
BRF:0
BRH:0
end_of_record
TN:
SF:/Users/andrewahn/Desktop/MyEtherWallet/src/views/components-default/HowItWorksDappsCenter.vue
FN:89,(anonymous_1)
FNF:1
FNH:0
FNDA:0,(anonymous_1)
DA:85,0
DA:89,0
LF:2
LH:0
BRF:0
BRH:0
end_of_record
TN:
SF:/Users/andrewahn/Desktop/MyEtherWallet/src/views/components-default/HowItWorksMore.vue
FN:40,(anonymous_1)
FNF:1
FNH:0
FNDA:0,(anonymous_1)
DA:33,0
DA:34,0
DA:35,0
DA:36,0
DA:40,0
LF:5
LH:0
BRF:0
BRH:0
end_of_record
TN:
SF:/Users/andrewahn/Desktop/MyEtherWallet/src/views/components-default/HowItWorksSend.vue
FN:94,(anonymous_1)
FNF:1
FNH:0
FNDA:0,(anonymous_1)
DA:90,0
DA:94,0
LF:2
LH:0
BRF:0
BRH:0
end_of_record
TN:
SF:/Users/andrewahn/Desktop/MyEtherWallet/src/views/components-default/HowItWorksSwap.vue
FN:99,(anonymous_1)
FNF:1
FNH:0
FNDA:0,(anonymous_1)
DA:95,0
DA:99,0
LF:2
LH:0
BRF:0
BRH:0
end_of_record
TN:
SF:/Users/andrewahn/Desktop/MyEtherWallet/src/views/components-default/HowItWorksTokens.vue
FN:80,(anonymous_1)
FNF:1
FNH:0
FNDA:0,(anonymous_1)
DA:76,0
DA:80,0
LF:2
LH:0
BRF:0
BRH:0
end_of_record
TN:
SF:/Users/andrewahn/Desktop/MyEtherWallet/src/views/components-default/TheDefaultFooter.vue
FN:320,(anonymous_1)
FN:487,(anonymous_2)
FNF:2
FNH:0
FNDA:0,(anonymous_1)
FNDA:0,(anonymous_2)
DA:313,0
DA:314,0
DA:315,0
DA:320,0
DA:488,0
LF:5
LH:0
BRF:0
BRH:0
end_of_record
TN:
SF:/Users/andrewahn/Desktop/MyEtherWallet/src/views/components-default/TheDefaultHeader.vue
FN:61,(anonymous_1)
FN:107,(anonymous_2)
FNF:2
FNH:0
FNDA:0,(anonymous_1)
FNDA:0,(anonymous_2)
DA:51,0
DA:52,0
DA:53,0
DA:54,0
DA:55,0
DA:61,0
DA:108,0
LF:7
LH:0
BRF:0
BRH:0
end_of_record
TN:
SF:/Users/andrewahn/Desktop/MyEtherWallet/src/views/components-default/TheDefaultMobileNavigation.vue
FN:98,(anonymous_1)
FN:103,(anonymous_2)
FN:155,(anonymous_3)
FN:156,(anonymous_4)
FN:159,(anonymous_5)
FNF:5
FNH:0
FNDA:0,(anonymous_1)
FNDA:0,(anonymous_2)
FNDA:0,(anonymous_3)
FNDA:0,(anonymous_4)
FNDA:0,(anonymous_5)
DA:92,0
DA:93,0
DA:94,0
DA:98,0
DA:104,0
DA:156,0
DA:157,0
DA:160,0
LF:8
LH:0
BRF:0
BRH:0
end_of_record
TN:
SF:/Users/andrewahn/Desktop/MyEtherWallet/src/views/components-default/TheDefaultWalletBanner.vue
FN:105,(anonymous_1)
FN:125,(anonymous_2)
FN:128,(anonymous_3)
FN:131,(anonymous_4)
FNF:4
FNH:0
FNDA:0,(anonymous_1)
FNDA:0,(anonymous_2)
FNDA:0,(anonymous_3)
FNDA:0,(anonymous_4)
DA:100,0
DA:101,0
DA:102,0
DA:103,0
DA:106,0
DA:126,0
DA:129,0
DA:132,0
LF:8
LH:0
BRDA:132,0,0,0
BRDA:132,0,1,0
BRF:2
BRH:0
end_of_record
TN:
SF:/Users/andrewahn/Desktop/MyEtherWallet/src/views/components-default/TheLayoutHeader.vue
FN:39,(anonymous_1)
FNF:1
FNH:0
FNDA:0,(anonymous_1)
DA:40,0
LF:1
LH:0
BRF:0
BRH:0
end_of_record
TN:
SF:/Users/andrewahn/Desktop/MyEtherWallet/src/views/components-wallet/HeaderMobileStatus.vue
FN:28,(anonymous_1)
FNF:1
FNH:0
FNDA:0,(anonymous_1)
DA:29,0
LF:1
LH:0
BRF:0
BRH:0
end_of_record
TN:
SF:/Users/andrewahn/Desktop/MyEtherWallet/src/views/components-wallet/TheSwapBtn.vue
FN:11,(anonymous_1)
FNF:1
FNH:0
FNDA:0,(anonymous_1)
DA:11,0
LF:1
LH:0
BRF:0
BRH:0
end_of_record
TN:
SF:/Users/andrewahn/Desktop/MyEtherWallet/src/views/components-wallet/TheWalletFooter.vue
FN:67,(anonymous_1)
FN:102,(anonymous_2)
FNF:2
FNH:0
FNDA:0,(anonymous_1)
FNDA:0,(anonymous_2)
DA:67,0
DA:103,0
LF:2
LH:0
BRF:0
BRH:0
end_of_record
TN:
SF:/Users/andrewahn/Desktop/MyEtherWallet/src/views/components-wallet/TheWalletHeader.vue
FN:139,(anonymous_1)
FN:144,(anonymous_2)
FN:150,(anonymous_3)
FN:153,(anonymous_4)
FN:158,(anonymous_5)
FNF:5
FNH:0
FNDA:0,(anonymous_1)
FNDA:0,(anonymous_2)
FNDA:0,(anonymous_3)
FNDA:0,(anonymous_4)
FNDA:0,(anonymous_5)
DA:127,0
DA:128,0
DA:129,0
DA:130,0
DA:131,0
DA:140,0
DA:141,0
DA:142,0
DA:145,0
DA:146,0
DA:147,0
DA:148,0
DA:151,0
DA:154,0
DA:159,0
LF:15
LH:0
BRDA:151,0,0,0
BRDA:151,0,1,0
BRF:2
BRH:0
end_of_record
TN:
SF:/Users/andrewahn/Desktop/MyEtherWallet/src/views/components-wallet/TheWalletPopupPromo.vue
FN:83,(anonymous_1)
FN:96,(anonymous_2)
FN:99,(anonymous_3)
FN:104,(anonymous_4)
FN:112,(anonymous_5)
FN:120,(anonymous_6)
FN:122,(anonymous_7)
FN:127,(anonymous_8)
FN:132,(anonymous_9)
FN:142,(anonymous_10)
FNF:10
FNH:0
FNDA:0,(anonymous_1)
FNDA:0,(anonymous_2)
FNDA:0,(anonymous_3)
FNDA:0,(anonymous_4)
FNDA:0,(anonymous_5)
FNDA:0,(anonymous_6)
FNDA:0,(anonymous_7)
FNDA:0,(anonymous_8)
FNDA:0,(anonymous_9)
FNDA:0,(anonymous_10)
DA:72,0
DA:73,0
DA:74,0
DA:75,0
DA:76,0
DA:77,0
DA:84,0
DA:97,0
DA:100,0
DA:105,0
DA:106,0
DA:109,0
DA:113,0
DA:114,0
DA:121,0
DA:122,0
DA:123,0
DA:126,0
DA:127,0
DA:128,0
DA:133,0
DA:134,0
DA:143,0
DA:144,0
DA:145,0
LF:25
LH:0
BRDA:100,0,0,0
BRDA:100,0,1,0
BRDA:105,1,0,0
BRDA:105,1,1,0
BRDA:113,2,0,0
BRDA:113,2,1,0
BRDA:113,3,0,0
BRDA:113,3,1,0
BRDA:121,4,0,0
BRDA:121,4,1,0
BRDA:126,5,0,0
BRDA:126,5,1,0
BRDA:133,6,0,0
BRDA:133,6,1,0
BRF:14
BRH:0
end_of_record
TN:
SF:/Users/andrewahn/Desktop/MyEtherWallet/src/views/components-wallet/TheWalletSideMenu.vue
FN:312,(anonymous_1)
FN:343,(anonymous_2)
FN:345,(anonymous_3)
FN:415,(anonymous_4)
FN:440,(anonymous_5)
FN:444,(anonymous_6)
FN:447,(anonymous_7)
FN:453,(anonymous_8)
FN:462,(anonymous_9)
FN:465,(anonymous_10)
FN:468,(anonymous_11)
FN:471,(anonymous_12)
FN:475,(anonymous_13)
FN:479,(anonymous_14)
FNF:14
FNH:0
FNDA:0,(anonymous_1)
FNDA:0,(anonymous_2)
FNDA:0,(anonymous_3)
FNDA:0,(anonymous_4)
FNDA:0,(anonymous_5)
FNDA:0,(anonymous_6)
FNDA:0,(anonymous_7)
FNDA:0,(anonymous_8)
FNDA:0,(anonymous_9)
FNDA:0,(anonymous_10)
FNDA:0,(anonymous_11)
FNDA:0,(anonymous_12)
FNDA:0,(anonymous_13)
FNDA:0,(anonymous_14)
DA:281,0
DA:282,0
DA:283,0
DA:284,0
DA:285,0
DA:286,0
DA:287,0
DA:288,0
DA:289,0
DA:290,0
DA:291,0
DA:292,0
DA:293,0
DA:294,0
DA:295,0
DA:296,0
DA:297,0
DA:298,0
DA:299,0
DA:300,0
DA:301,0
DA:302,0
DA:313,0
DA:344,0
DA:345,0
DA:346,0
DA:347,0
DA:348,0
DA:349,0
DA:351,0
DA:352,0
DA:355,0
DA:402,0
DA:416,0
DA:417,0
DA:431,0
DA:441,0
DA:442,0
DA:444,0
DA:445,0
DA:447,0
DA:448,0
DA:454,0
DA:455,0
DA:456,0
DA:458,0
DA:460,0
DA:463,0
DA:466,0
DA:469,0
DA:472,0
DA:473,0
DA:476,0
DA:477,0
DA:480,0
LF:55
LH:0
BRDA:344,0,0,0
BRDA:344,0,1,0
BRDA:351,1,0,0
BRDA:351,1,1,0
BRDA:416,2,0,0
BRDA:416,2,1,0
BRDA:441,3,0,0
BRDA:441,3,1,0
BRDA:454,4,0,0
BRDA:454,4,1,0
BRDA:456,5,0,0
BRDA:456,5,1,0
BRF:12
BRH:0
end_of_record
TN:
SF:/Users/andrewahn/Desktop/MyEtherWallet/src/views/components-wallet/WalletPromoPopUp.vue
FN:77,(anonymous_1)
FN:90,(anonymous_2)
FN:93,(anonymous_3)
FN:94,(anonymous_4)
FN:101,(anonymous_5)
FN:105,(anonymous_6)
FN:117,(anonymous_7)
FN:123,(anonymous_8)
FN:124,(anonymous_9)
FN:139,(anonymous_10)
FN:144,(anonymous_11)
FN:147,(anonymous_12)
FN:156,(anonymous_13)
FN:158,(anonymous_14)
FN:161,(anonymous_15)
FN:162,(anonymous_16)
FNF:16
FNH:0
FNDA:0,(anonymous_1)
FNDA:0,(anonymous_2)
FNDA:0,(anonymous_3)
FNDA:0,(anonymous_4)
FNDA:0,(anonymous_5)
FNDA:0,(anonymous_6)
FNDA:0,(anonymous_7)
FNDA:0,(anonymous_8)
FNDA:0,(anonymous_9)
FNDA:0,(anonymous_10)
FNDA:0,(anonymous_11)
FNDA:0,(anonymous_12)
FNDA:0,(anonymous_13)
FNDA:0,(anonymous_14)
FNDA:0,(anonymous_15)
FNDA:0,(anonymous_16)
DA:62,0
DA:63,0
DA:64,0
DA:65,0
DA:66,0
DA:67,0
DA:68,0
DA:69,0
DA:70,0
DA:71,0
DA:72,0
DA:78,0
DA:91,0
DA:94,0
DA:95,0
DA:97,0
DA:102,0
DA:106,0
DA:118,0
DA:119,0
DA:120,0
DA:124,0
DA:130,0
DA:131,0
DA:132,0
DA:138,0
DA:141,0
DA:145,0
DA:148,0
DA:149,0
DA:150,0
DA:157,0
DA:158,0
DA:159,0
DA:161,0
DA:162,0
DA:163,0
DA:167,0
LF:38
LH:0
BRDA:118,0,0,0
BRDA:118,0,1,0
BRDA:157,1,0,0
BRDA:157,1,1,0
BRF:4
BRH:0
end_of_record
TN:
SF:/Users/andrewahn/Desktop/MyEtherWallet/src/views/components-wallet/WalletPromoSnackbar.vue
FN:76,(anonymous_1)
FN:93,(anonymous_2)
FN:96,(anonymous_3)
FN:106,(anonymous_4)
FN:113,(anonymous_5)
FN:121,(anonymous_6)
FN:133,(anonymous_7)
FN:139,(anonymous_8)
FN:144,(anonymous_9)
FN:151,(anonymous_10)
FN:159,(anonymous_11)
FN:163,(anonymous_12)
FN:167,(anonymous_13)
FN:168,(anonymous_14)
FNF:14
FNH:0
FNDA:0,(anonymous_1)
FNDA:0,(anonymous_2)
FNDA:0,(anonymous_3)
FNDA:0,(anonymous_4)
FNDA:0,(anonymous_5)
FNDA:0,(anonymous_6)
FNDA:0,(anonymous_7)
FNDA:0,(anonymous_8)
FNDA:0,(anonymous_9)
FNDA:0,(anonymous_10)
FNDA:0,(anonymous_11)
FNDA:0,(anonymous_12)
FNDA:0,(anonymous_13)
FNDA:0,(anonymous_14)
DA:71,0
DA:72,0
DA:73,0
DA:74,0
DA:77,0
DA:94,0
DA:97,0
DA:98,0
DA:100,0
DA:101,0
DA:104,0
DA:107,0
DA:114,0
DA:115,0
DA:116,0
DA:117,0
DA:119,0
DA:122,0
DA:123,0
DA:127,0
DA:129,0
DA:134,0
DA:135,0
DA:140,0
DA:145,0
DA:146,0
DA:147,0
DA:152,0
DA:153,0
DA:155,0
DA:156,0
DA:160,0
DA:161,0
DA:164,0
DA:165,0
DA:168,0
DA:169,0
LF:37
LH:0
BRDA:97,0,0,0
BRDA:97,0,1,0
BRDA:97,1,0,0
BRDA:97,1,1,0
BRDA:100,2,0,0
BRDA:100,2,1,0
BRDA:100,3,0,0
BRDA:100,3,1,0
BRDA:107,4,0,0
BRDA:107,4,1,0
BRDA:107,4,2,0
BRDA:114,5,0,0
BRDA:114,5,1,0
BRDA:116,6,0,0
BRDA:116,6,1,0
BRDA:122,7,0,0
BRDA:122,7,1,0
BRDA:134,8,0,0
BRDA:134,8,1,0
BRDA:145,9,0,0
BRDA:145,9,1,0
BRDA:146,10,0,0
BRDA:146,10,1,0
BRDA:146,11,0,0
BRDA:146,11,1,0
BRDA:152,12,0,0
BRDA:152,12,1,0
BRDA:155,13,0,0
BRDA:155,13,1,0
BRF:29
BRH:0
end_of_record
TN:
SF:/Users/andrewahn/Desktop/MyEtherWallet/src/views/layouts-default/TheAccessWalletLayout.vue
FN:133,(anonymous_1)
FN:155,(anonymous_2)
FN:162,(anonymous_3)
FN:169,(anonymous_4)
FN:176,(anonymous_5)
FN:179,(anonymous_6)
FN:192,(anonymous_7)
FN:206,(anonymous_8)
FN:220,(anonymous_9)
FN:237,(anonymous_10)
FN:252,(anonymous_11)
FN:263,(anonymous_12)
FN:281,(anonymous_13)
FN:295,(anonymous_14)
FN:312,(anonymous_15)
FN:336,(anonymous_16)
FN:337,(anonymous_17)
FN:339,(anonymous_18)
FN:343,(anonymous_19)
FNF:19
FNH:0
FNDA:0,(anonymous_1)
FNDA:0,(anonymous_2)
FNDA:0,(anonymous_3)
FNDA:0,(anonymous_4)
FNDA:0,(anonymous_5)
FNDA:0,(anonymous_6)
FNDA:0,(anonymous_7)
FNDA:0,(anonymous_8)
FNDA:0,(anonymous_9)
FNDA:0,(anonymous_10)
FNDA:0,(anonymous_11)
FNDA:0,(anonymous_12)
FNDA:0,(anonymous_13)
FNDA:0,(anonymous_14)
FNDA:0,(anonymous_15)
FNDA:0,(anonymous_16)
FNDA:0,(anonymous_17)
FNDA:0,(anonymous_18)
FNDA:0,(anonymous_19)
DA:95,0
DA:96,0
DA:97,0
DA:98,0
DA:104,0
DA:105,0
DA:106,0
DA:107,0
DA:108,0
DA:110,0
DA:111,0
DA:112,0
DA:134,0
DA:156,0
DA:163,0
DA:170,0
DA:177,0
DA:180,0
DA:181,0
DA:193,0
DA:207,0
DA:221,0
DA:238,0
DA:253,0
DA:258,0
DA:264,0
DA:282,0
DA:283,0
DA:287,0
DA:296,0
DA:298,0
DA:299,0
DA:305,0
DA:307,0
DA:313,0
DA:314,0
DA:315,0
DA:316,0
DA:317,0
DA:318,0
DA:319,0
DA:320,0
DA:321,0
DA:322,0
DA:324,0
DA:327,0
DA:330,0
DA:337,0
DA:339,0
DA:340,0
DA:341,0
DA:345,0
LF:52
LH:0
BRDA:180,0,0,0
BRDA:180,0,1,0
BRDA:313,1,0,0
BRDA:313,1,1,0
BRDA:321,2,0,0
BRDA:321,2,1,0
BRF:6
BRH:0
end_of_record
TN:
SF:/Users/andrewahn/Desktop/MyEtherWallet/src/views/layouts-default/TheBuyHardwareWalletLayout.vue
FN:89,(anonymous_1)
FNF:1
FNH:0
FNDA:0,(anonymous_1)
DA:84,0
DA:89,0
LF:2
LH:0
BRF:0
BRH:0
end_of_record
TN:
SF:/Users/andrewahn/Desktop/MyEtherWallet/src/views/layouts-default/TheCareersLayout.vue
FN:105,(anonymous_1)
FN:111,(anonymous_2)
FN:115,(anonymous_3)
FN:116,(anonymous_4)
FNF:4
FNH:0
FNDA:0,(anonymous_1)
FNDA:0,(anonymous_2)
FNDA:0,(anonymous_3)
FNDA:0,(anonymous_4)
DA:99,0
DA:100,0
DA:106,0
DA:112,0
DA:116,0
DA:121,0
DA:122,0
LF:7
LH:0
BRF:0
BRH:0
end_of_record
TN:
SF:/Users/andrewahn/Desktop/MyEtherWallet/src/views/layouts-default/TheCompanyLayout.vue
FNF:0
FNH:0
DA:19,0
DA:20,0
DA:21,0
DA:22,0
DA:23,0
DA:24,0
LF:6
LH:0
BRF:0
BRH:0
end_of_record
TN:
SF:/Users/andrewahn/Desktop/MyEtherWallet/src/views/layouts-default/TheConvertUnitsLayout.vue
FN:113,(anonymous_1)
FN:289,(anonymous_2)
FN:296,(anonymous_3)
FN:303,(anonymous_4)
FN:310,(anonymous_5)
FN:319,(anonymous_6)
FN:324,(anonymous_7)
FN:330,(anonymous_8)
FN:333,(anonymous_9)
FN:336,(anonymous_10)
FN:339,(anonymous_11)
FNF:11
FNH:0
FNDA:0,(anonymous_1)
FNDA:0,(anonymous_2)
FNDA:0,(anonymous_3)
FNDA:0,(anonymous_4)
FNDA:0,(anonymous_5)
FNDA:0,(anonymous_6)
FNDA:0,(anonymous_7)
FNDA:0,(anonymous_8)
FNDA:0,(anonymous_9)
FNDA:0,(anonymous_10)
FNDA:0,(anonymous_11)
DA:101,0
DA:102,0
DA:103,0
DA:104,0
DA:105,0
DA:114,0
DA:290,0
DA:297,0
DA:304,0
DA:311,0
DA:320,0
DA:321,0
DA:322,0
DA:325,0
DA:331,0
DA:334,0
DA:337,0
DA:340,0
LF:18
LH:0
BRDA:320,0,0,0
BRDA:320,0,1,0
BRF:2
BRH:0
end_of_record
TN:
SF:/Users/andrewahn/Desktop/MyEtherWallet/src/views/layouts-default/TheCreateWalletLayout.vue
FN:153,(anonymous_1)
FN:165,(anonymous_2)
FN:176,(anonymous_3)
FNF:3
FNH:0
FNDA:0,(anonymous_1)
FNDA:0,(anonymous_2)
FNDA:0,(anonymous_3)
DA:133,0
DA:134,0
DA:135,0
DA:136,0
DA:153,0
DA:166,0
DA:167,0
DA:173,0
DA:177,0
DA:178,0
DA:182,0
LF:11
LH:0
BRF:0
BRH:0
end_of_record
TN:
SF:/Users/andrewahn/Desktop/MyEtherWallet/src/views/layouts-default/TheDappSubmissionLayout.vue
FN:838,(anonymous_1)
FN:890,(anonymous_2)
FN:893,(anonymous_3)
FN:896,(anonymous_4)
FN:899,(anonymous_5)
FN:902,(anonymous_6)
FN:908,(anonymous_7)
FN:914,(anonymous_8)
FN:921,(anonymous_9)
FN:932,(anonymous_10)
FN:940,(anonymous_11)
FN:946,(anonymous_12)
FNF:12
FNH:0
FNDA:0,(anonymous_1)
FNDA:0,(anonymous_2)
FNDA:0,(anonymous_3)
FNDA:0,(anonymous_4)
FNDA:0,(anonymous_5)
FNDA:0,(anonymous_6)
FNDA:0,(anonymous_7)
FNDA:0,(anonymous_8)
FNDA:0,(anonymous_9)
FNDA:0,(anonymous_10)
FNDA:0,(anonymous_11)
FNDA:0,(anonymous_12)
DA:831,0
DA:832,0
DA:833,0
DA:838,0
DA:891,0
DA:894,0
DA:897,0
DA:900,0
DA:903,0
DA:909,0
DA:910,0
DA:911,0
DA:915,0
DA:916,0
DA:918,0
DA:922,0
DA:924,0
DA:925,0
DA:929,0
DA:931,0
DA:932,0
DA:939,0
DA:942,0
DA:948,0
DA:964,0
LF:25
LH:0
BRDA:891,0,0,0
BRDA:891,0,1,0
BRDA:894,1,0,0
BRDA:894,1,1,0
BRDA:897,2,0,0
BRDA:897,2,1,0
BRDA:900,3,0,0
BRDA:900,3,1,0
BRDA:903,4,0,0
BRDA:903,4,1,0
BRDA:910,5,0,0
BRDA:910,5,1,0
BRDA:915,6,0,0
BRDA:915,6,1,0
BRDA:931,7,0,0
BRDA:931,7,1,0
BRDA:948,8,0,0
BRDA:948,8,1,0
BRF:18
BRH:0
end_of_record
TN:
SF:/Users/andrewahn/Desktop/MyEtherWallet/src/views/layouts-default/TheHomeLayout.vue
FNF:0
FNH:0
DA:15,0
DA:16,0
DA:17,0
DA:18,0
DA:19,0
DA:20,0
DA:21,0
DA:22,0
LF:8
LH:0
BRF:0
BRH:0
end_of_record
TN:
SF:/Users/andrewahn/Desktop/MyEtherWallet/src/views/layouts-default/TheHowItWorksLayout.vue
FNF:0
FNH:0
DA:21,0
DA:22,0
DA:24,0
DA:25,0
DA:26,0
DA:27,0
DA:28,0
LF:7
LH:0
BRF:0
BRH:0
end_of_record
TN:
SF:/Users/andrewahn/Desktop/MyEtherWallet/src/views/layouts-default/ThePressKitLayout.vue
FN:61,(anonymous_1)
FNF:1
FNH:0
FNDA:0,(anonymous_1)
DA:62,0
LF:1
LH:0
BRF:0
BRH:0
end_of_record
TN:
SF:/Users/andrewahn/Desktop/MyEtherWallet/src/views/layouts-default/ThePrivacyPolicyLayout.vue
FN:54,(anonymous_1)
FNF:1
FNH:0
FNDA:0,(anonymous_1)
DA:55,0
LF:1
LH:0
BRF:0
BRH:0
end_of_record
TN:
SF:/Users/andrewahn/Desktop/MyEtherWallet/src/views/layouts-default/TheQrCodeLayout.vue
FN:47,(anonymous_1)
FN:50,(anonymous_2)
FN:51,(anonymous_3)
FN:56,(anonymous_4)
FN:78,(anonymous_5)
FN:81,(anonymous_6)
FNF:6
FNH:0
FNDA:0,(anonymous_1)
FNDA:0,(anonymous_2)
FNDA:0,(anonymous_3)
FNDA:0,(anonymous_4)
FNDA:0,(anonymous_5)
FNDA:0,(anonymous_6)
DA:41,0
DA:48,0
DA:52,0
DA:53,0
DA:57,0
DA:58,0
DA:59,0
DA:60,0
DA:66,0
DA:67,0
DA:68,0
DA:69,0
DA:71,0
DA:72,0
DA:74,0
DA:75,0
DA:79,0
DA:81,0
DA:82,0
LF:19
LH:0
BRDA:57,0,0,0
BRDA:57,0,1,0
BRDA:57,0,2,0
BRDA:60,1,0,0
BRDA:60,1,1,0
BRDA:66,2,0,0
BRDA:66,2,1,0
BRDA:68,3,0,0
BRDA:68,3,1,0
BRDA:71,4,0,0
BRDA:71,4,1,0
BRDA:82,5,0,0
BRDA:82,5,1,0
BRF:13
BRH:0
end_of_record
TN:
SF:/Users/andrewahn/Desktop/MyEtherWallet/src/views/layouts-default/TheTeamLayout.vue
FN:63,(anonymous_1)
FNF:1
FNH:0
FNDA:0,(anonymous_1)
DA:32,0
DA:33,0
DA:34,0
DA:35,0
DA:36,0
DA:37,0
DA:38,0
DA:39,0
DA:40,0
DA:41,0
DA:42,0
DA:43,0
DA:44,0
DA:45,0
DA:46,0
DA:47,0
DA:48,0
DA:49,0
DA:50,0
DA:51,0
DA:52,0
DA:53,0
DA:54,0
DA:55,0
DA:56,0
DA:57,0
DA:58,0
DA:63,0
LF:28
LH:0
BRF:0
BRH:0
end_of_record
TN:
SF:/Users/andrewahn/Desktop/MyEtherWallet/src/views/layouts-default/TheTermsOfServiceLayout.vue
FNF:0
FNH:0
DA:349,0
LF:1
LH:0
BRF:0
BRH:0
end_of_record
TN:
SF:/Users/andrewahn/Desktop/MyEtherWallet/src/views/layouts-default/TheToolsLayout.vue
FN:58,(anonymous_1)
FN:87,(anonymous_2)
FN:90,(anonymous_3)
FN:94,(anonymous_4)
FN:98,(anonymous_5)
FN:132,(anonymous_6)
FNF:6
FNH:0
FNDA:0,(anonymous_1)
FNDA:0,(anonymous_2)
FNDA:0,(anonymous_3)
FNDA:0,(anonymous_4)
FNDA:0,(anonymous_5)
FNDA:0,(anonymous_6)
DA:38,0
DA:39,0
DA:40,0
DA:41,0
DA:42,0
DA:43,0
DA:44,0
DA:45,0
DA:58,0
DA:88,0
DA:91,0
DA:95,0
DA:99,0
DA:102,0
DA:103,0
DA:105,0
DA:107,0
DA:108,0
DA:109,0
DA:112,0
DA:113,0
DA:114,0
DA:116,0
DA:117,0
DA:118,0
DA:120,0
DA:121,0
DA:122,0
DA:124,0
DA:125,0
DA:128,0
DA:129,0
DA:133,0
DA:135,0
DA:137,0
DA:138,0
DA:140,0
DA:141,0
DA:143,0
DA:144,0
DA:146,0
DA:147,0
DA:149,0
LF:43
LH:0
BRDA:102,0,0,0
BRDA:102,0,1,0
BRDA:106,1,0,0
BRDA:106,1,1,0
BRDA:106,1,2,0
BRDA:106,1,3,0
BRDA:106,1,4,0
BRDA:136,2,0,0
BRDA:136,2,1,0
BRDA:136,2,2,0
BRDA:136,2,3,0
BRDA:136,2,4,0
BRF:12
BRH:0
end_of_record
TN:
SF:/Users/andrewahn/Desktop/MyEtherWallet/src/views/layouts-wallet/TheDashboardLayout.vue
FNF:0
FNH:0
DA:19,0
DA:20,0
DA:21,0
DA:22,0
DA:23,0
LF:5
LH:0
BRF:0
BRH:0
end_of_record
TN:
SF:/Users/andrewahn/Desktop/MyEtherWallet/src/views/layouts-wallet/TheDeployContractLayout.vue
FNF:0
FNH:0
DA:13,0
DA:14,0
DA:15,0
LF:3
LH:0
BRF:0
BRH:0
end_of_record
TN:
SF:/Users/andrewahn/Desktop/MyEtherWallet/src/views/layouts-wallet/TheInteractContractLayout.vue
FNF:0
FNH:0
DA:13,0
DA:14,0
DA:15,0
LF:3
LH:0
BRF:0
BRH:0
end_of_record
TN:
SF:/Users/andrewahn/Desktop/MyEtherWallet/src/views/layouts-wallet/TheNFTManagerLayout.vue
FNF:0
FNH:0
DA:10,0
DA:11,0
LF:2
LH:0
BRF:0
BRH:0
end_of_record
TN:
SF:/Users/andrewahn/Desktop/MyEtherWallet/src/views/layouts-wallet/TheSendTransactionLayout.vue
FN:31,(anonymous_1)
FNF:1
FNH:0
FNDA:0,(anonymous_1)
DA:16,0
DA:17,0
DA:18,0
DA:19,0
DA:20,0
DA:32,0
LF:6
LH:0
BRDA:32,0,0,0
BRDA:32,0,1,0
BRF:2
BRH:0
end_of_record
TN:
SF:/Users/andrewahn/Desktop/MyEtherWallet/src/views/layouts-wallet/TheSendTransactionOfflineLayout.vue
FNF:0
FNH:0
DA:10,0
DA:11,0
LF:2
LH:0
BRF:0
BRH:0
end_of_record
TN:
SF:/Users/andrewahn/Desktop/MyEtherWallet/src/views/layouts-wallet/TheSignMessageLayout.vue
FNF:0
FNH:0
DA:10,0
DA:11,0
LF:2
LH:0
BRF:0
BRH:0
end_of_record
TN:
SF:/Users/andrewahn/Desktop/MyEtherWallet/src/views/layouts-wallet/TheSwapLayout.vue
FN:54,(anonymous_1)
FNF:1
FNH:0
FNDA:0,(anonymous_1)
DA:21,0
DA:22,0
DA:23,0
DA:24,0
DA:25,0
DA:27,0
DA:28,0
DA:55,0
LF:8
LH:0
BRDA:55,0,0,0
BRDA:55,0,1,0
BRF:2
BRH:0
end_of_record
TN:
SF:/Users/andrewahn/Desktop/MyEtherWallet/src/views/layouts-wallet/TheVerifyMessageLayout.vue
FNF:0
FNH:0
DA:8,0
DA:9,0
LF:2
LH:0
BRF:0
BRH:0
end_of_record
